{"H:\\Rahul Prasad 01\\earn\\Saros\\dlmm-saros-sdk\\constants\\config.ts": {"path":"H:\\Rahul Prasad 01\\earn\\Saros\\dlmm-saros-sdk\\constants\\config.ts","statementMap":{"0":{"start":{"line":1,"column":0},"end":{"line":1,"column":32}},"1":{"start":{"line":3,"column":13},"end":{"line":13,"column":2}},"2":{"start":{"line":15,"column":13},"end":{"line":15,"column":33}},"3":{"start":{"line":16,"column":13},"end":{"line":16,"column":26}},"4":{"start":{"line":17,"column":13},"end":{"line":17,"column":33}},"5":{"start":{"line":18,"column":13},"end":{"line":18,"column":34}},"6":{"start":{"line":19,"column":13},"end":{"line":19,"column":62}},"7":{"start":{"line":20,"column":13},"end":{"line":20,"column":39}},"8":{"start":{"line":21,"column":13},"end":{"line":21,"column":32}},"9":{"start":{"line":22,"column":13},"end":{"line":22,"column":32}},"10":{"start":{"line":23,"column":13},"end":{"line":23,"column":38}},"11":{"start":{"line":24,"column":13},"end":{"line":24,"column":43}},"12":{"start":{"line":25,"column":13},"end":{"line":25,"column":50}},"13":{"start":{"line":26,"column":13},"end":{"line":26,"column":35}},"14":{"start":{"line":27,"column":13},"end":{"line":27,"column":31}},"15":{"start":{"line":28,"column":13},"end":{"line":28,"column":42}},"16":{"start":{"line":29,"column":13},"end":{"line":29,"column":71}},"17":{"start":{"line":30,"column":13},"end":{"line":30,"column":54}},"18":{"start":{"line":31,"column":13},"end":{"line":31,"column":31}},"19":{"start":{"line":32,"column":13},"end":{"line":32,"column":38}},"20":{"start":{"line":33,"column":13},"end":{"line":33,"column":37}},"21":{"start":{"line":34,"column":13},"end":{"line":34,"column":39}},"22":{"start":{"line":36,"column":13},"end":{"line":36,"column":44}},"23":{"start":{"line":37,"column":13},"end":{"line":37,"column":33}},"24":{"start":{"line":38,"column":13},"end":{"line":38,"column":78}},"25":{"start":{"line":39,"column":13},"end":{"line":39,"column":31}},"26":{"start":{"line":41,"column":13},"end":{"line":159,"column":2}}},"fnMap":{},"branchMap":{},"s":{"0":7,"1":7,"2":7,"3":7,"4":7,"5":7,"6":7,"7":7,"8":7,"9":7,"10":7,"11":7,"12":7,"13":7,"14":7,"15":7,"16":7,"17":7,"18":7,"19":7,"20":7,"21":7,"22":7,"23":7,"24":7,"25":7,"26":7},"f":{},"b":{}}
,"H:\\Rahul Prasad 01\\earn\\Saros\\dlmm-saros-sdk\\constants\\index.ts": {"path":"H:\\Rahul Prasad 01\\earn\\Saros\\dlmm-saros-sdk\\constants\\index.ts","statementMap":{"0":{"start":{"line":1,"column":0},"end":{"line":1,"column":24}}},"fnMap":{},"branchMap":{},"s":{"0":0},"f":{},"b":{}}
,"H:\\Rahul Prasad 01\\earn\\Saros\\dlmm-saros-sdk\\services\\core.ts": {"path":"H:\\Rahul Prasad 01\\earn\\Saros\\dlmm-saros-sdk\\services\\core.ts","statementMap":{"0":{"start":{"line":1,"column":0},"end":{"line":1,"column":null}},"1":{"start":{"line":8,"column":0},"end":{"line":8,"column":68}},"2":{"start":{"line":9,"column":0},"end":{"line":9,"column":null}},"3":{"start":{"line":20,"column":0},"end":{"line":20,"column":46}},"4":{"start":{"line":21,"column":0},"end":{"line":21,"column":41}},"5":{"start":{"line":22,"column":0},"end":{"line":22,"column":75}},"6":{"start":{"line":23,"column":0},"end":{"line":23,"column":42}},"7":{"start":{"line":24,"column":0},"end":{"line":24,"column":32}},"8":{"start":{"line":25,"column":0},"end":{"line":25,"column":41}},"9":{"start":{"line":44,"column":0},"end":{"line":44,"column":39}},"10":{"start":{"line":45,"column":0},"end":{"line":45,"column":40}},"11":{"start":{"line":46,"column":0},"end":{"line":46,"column":64}},"12":{"start":{"line":47,"column":0},"end":{"line":47,"column":55}},"13":{"start":{"line":48,"column":0},"end":{"line":48,"column":68}},"14":{"start":{"line":49,"column":0},"end":{"line":49,"column":62}},"15":{"start":{"line":50,"column":0},"end":{"line":50,"column":39}},"16":{"start":{"line":55,"column":4},"end":{"line":55,"column":18}},"17":{"start":{"line":59,"column":4},"end":{"line":61,"column":5}},"18":{"start":{"line":60,"column":6},"end":{"line":60,"column":75}},"19":{"start":{"line":62,"column":4},"end":{"line":62,"column":73}},"20":{"start":{"line":66,"column":4},"end":{"line":68,"column":5}},"21":{"start":{"line":67,"column":6},"end":{"line":67,"column":75}},"22":{"start":{"line":69,"column":4},"end":{"line":69,"column":73}},"23":{"start":{"line":74,"column":4},"end":{"line":74,"column":57}},"24":{"start":{"line":79,"column":4},"end":{"line":79,"column":65}},"25":{"start":{"line":83,"column":56},"end":{"line":83,"column":62}},"26":{"start":{"line":85,"column":21},"end":{"line":92,"column":8}},"27":{"start":{"line":94,"column":4},"end":{"line":104,"column":5}},"28":{"start":{"line":95,"column":27},"end":{"line":95,"column":73}},"29":{"start":{"line":97,"column":6},"end":{"line":103,"column":7}},"30":{"start":{"line":98,"column":43},"end":{"line":101,"column":24}},"31":{"start":{"line":102,"column":8},"end":{"line":102,"column":52}},"32":{"start":{"line":106,"column":4},"end":{"line":106,"column":20}},"33":{"start":{"line":110,"column":43},"end":{"line":110,"column":49}},"34":{"start":{"line":111,"column":22},"end":{"line":111,"column":35}},"35":{"start":{"line":112,"column":17},"end":{"line":112,"column":19}},"36":{"start":{"line":114,"column":21},"end":{"line":118,"column":6}},"37":{"start":{"line":120,"column":21},"end":{"line":120,"column":74}},"38":{"start":{"line":121,"column":4},"end":{"line":141,"column":5}},"39":{"start":{"line":122,"column":28},"end":{"line":126,"column":8}},"40":{"start":{"line":128,"column":18},"end":{"line":128,"column":76}},"41":{"start":{"line":130,"column":6},"end":{"line":130,"column":38}},"42":{"start":{"line":132,"column":28},"end":{"line":136,"column":8}},"43":{"start":{"line":138,"column":18},"end":{"line":138,"column":76}},"44":{"start":{"line":139,"column":6},"end":{"line":139,"column":38}},"45":{"start":{"line":140,"column":6},"end":{"line":140,"column":23}},"46":{"start":{"line":143,"column":4},"end":{"line":143,"column":41}},"47":{"start":{"line":149,"column":38},"end":{"line":149,"column":44}},"48":{"start":{"line":150,"column":25},"end":{"line":150,"column":64}},"49":{"start":{"line":151,"column":23},"end":{"line":151,"column":46}},"50":{"start":{"line":152,"column":26},"end":{"line":152,"column":65}},"51":{"start":{"line":154,"column":34},"end":{"line":158,"column":6}},"52":{"start":{"line":160,"column":26},"end":{"line":160,"column":54}},"53":{"start":{"line":161,"column":19},"end":{"line":163,"column":null}},"54":{"start":{"line":163,"column":16},"end":{"line":163,"column":46}},"55":{"start":{"line":166,"column":22},"end":{"line":214,"column":6}},"56":{"start":{"line":167,"column":29},"end":{"line":167,"column":75}},"57":{"start":{"line":168,"column":24},"end":{"line":168,"column":35}},"58":{"start":{"line":170,"column":6},"end":{"line":205,"column":7}},"59":{"start":{"line":171,"column":30},"end":{"line":171,"column":68}},"60":{"start":{"line":173,"column":30},"end":{"line":173,"column":68}},"61":{"start":{"line":175,"column":28},"end":{"line":175,"column":69}},"62":{"start":{"line":178,"column":10},"end":{"line":185,"column":15}},"63":{"start":{"line":188,"column":10},"end":{"line":195,"column":15}},"64":{"start":{"line":197,"column":8},"end":{"line":204,"column":10}},"65":{"start":{"line":206,"column":6},"end":{"line":213,"column":8}},"66":{"start":{"line":216,"column":4},"end":{"line":216,"column":21}},"67":{"start":{"line":220,"column":65},"end":{"line":220,"column":71}},"68":{"start":{"line":222,"column":19},"end":{"line":222,"column":55}},"69":{"start":{"line":223,"column":19},"end":{"line":223,"column":56}},"70":{"start":{"line":225,"column":15},"end":{"line":229,"column":null}},"71":{"start":{"line":232,"column":24},"end":{"line":232,"column":43}},"72":{"start":{"line":234,"column":4},"end":{"line":236,"column":5}},"73":{"start":{"line":235,"column":6},"end":{"line":235,"column":25}},"74":{"start":{"line":238,"column":15},"end":{"line":238,"column":32}},"75":{"start":{"line":240,"column":26},"end":{"line":247,"column":8}},"76":{"start":{"line":249,"column":28},"end":{"line":256,"column":8}},"77":{"start":{"line":258,"column":17},"end":{"line":267,"column":8}},"78":{"start":{"line":269,"column":35},"end":{"line":280,"column":20}},"79":{"start":{"line":282,"column":4},"end":{"line":282,"column":35}},"80":{"start":{"line":284,"column":26},"end":{"line":291,"column":8}},"81":{"start":{"line":293,"column":26},"end":{"line":300,"column":8}},"82":{"start":{"line":302,"column":44},"end":{"line":305,"column":20}},"83":{"start":{"line":307,"column":4},"end":{"line":307,"column":44}},"84":{"start":{"line":309,"column":44},"end":{"line":312,"column":20}},"85":{"start":{"line":314,"column":4},"end":{"line":314,"column":44}},"86":{"start":{"line":316,"column":4},"end":{"line":323,"column":6}},"87":{"start":{"line":335,"column":8},"end":{"line":335,"column":14}},"88":{"start":{"line":337,"column":21},"end":{"line":343,"column":8}},"89":{"start":{"line":345,"column":26},"end":{"line":349,"column":null}},"90":{"start":{"line":352,"column":4},"end":{"line":356,"column":7}},"91":{"start":{"line":358,"column":4},"end":{"line":362,"column":7}},"92":{"start":{"line":364,"column":33},"end":{"line":374,"column":20}},"93":{"start":{"line":376,"column":4},"end":{"line":376,"column":42}},"94":{"start":{"line":378,"column":4},"end":{"line":378,"column":45}},"95":{"start":{"line":392,"column":8},"end":{"line":392,"column":14}},"96":{"start":{"line":394,"column":21},"end":{"line":394,"column":52}},"97":{"start":{"line":396,"column":26},"end":{"line":398,"column":null}},"98":{"start":{"line":400,"column":26},"end":{"line":402,"column":null}},"99":{"start":{"line":405,"column":33},"end":{"line":408,"column":6}},"100":{"start":{"line":410,"column":33},"end":{"line":413,"column":6}},"101":{"start":{"line":415,"column":33},"end":{"line":418,"column":6}},"102":{"start":{"line":420,"column":33},"end":{"line":423,"column":6}},"103":{"start":{"line":425,"column":4},"end":{"line":453,"column":5}},"104":{"start":{"line":429,"column":24},"end":{"line":429,"column":75}},"105":{"start":{"line":431,"column":26},"end":{"line":431,"column":55}},"106":{"start":{"line":432,"column":26},"end":{"line":435,"column":11}},"107":{"start":{"line":433,"column":27},"end":{"line":433,"column":78}},"108":{"start":{"line":434,"column":8},"end":{"line":434,"column":33}},"109":{"start":{"line":437,"column":6},"end":{"line":452,"column":7}},"110":{"start":{"line":438,"column":23},"end":{"line":438,"column":69}},"111":{"start":{"line":440,"column":36},"end":{"line":442,"column":32}},"112":{"start":{"line":444,"column":8},"end":{"line":450,"column":10}},"113":{"start":{"line":451,"column":8},"end":{"line":451,"column":78}},"114":{"start":{"line":455,"column":23},"end":{"line":456,"column":null}},"115":{"start":{"line":456,"column":12},"end":{"line":456,"column":21}},"116":{"start":{"line":459,"column":22},"end":{"line":461,"column":null}},"117":{"start":{"line":464,"column":17},"end":{"line":471,"column":8}},"118":{"start":{"line":473,"column":21},"end":{"line":479,"column":8}},"119":{"start":{"line":481,"column":26},"end":{"line":485,"column":null}},"120":{"start":{"line":488,"column":37},"end":{"line":515,"column":20}},"121":{"start":{"line":517,"column":4},"end":{"line":521,"column":6}},"122":{"start":{"line":522,"column":4},"end":{"line":526,"column":6}},"123":{"start":{"line":528,"column":4},"end":{"line":528,"column":46}},"124":{"start":{"line":535,"column":6},"end":{"line":535,"column":12}},"125":{"start":{"line":537,"column":26},"end":{"line":537,"column":71}},"126":{"start":{"line":538,"column":26},"end":{"line":538,"column":71}},"127":{"start":{"line":540,"column":28},"end":{"line":540,"column":45}},"128":{"start":{"line":542,"column":33},"end":{"line":547,"column":6}},"129":{"start":{"line":549,"column":33},"end":{"line":554,"column":6}},"130":{"start":{"line":556,"column":33},"end":{"line":560,"column":6}},"131":{"start":{"line":562,"column":33},"end":{"line":566,"column":6}},"132":{"start":{"line":568,"column":17},"end":{"line":575,"column":8}},"133":{"start":{"line":577,"column":33},"end":{"line":581,"column":null}},"134":{"start":{"line":583,"column":27},"end":{"line":584,"column":null}},"135":{"start":{"line":587,"column":4},"end":{"line":598,"column":5}},"136":{"start":{"line":589,"column":8},"end":{"line":594,"column":null}},"137":{"start":{"line":597,"column":6},"end":{"line":597,"column":50}},"138":{"start":{"line":600,"column":23},"end":{"line":601,"column":null}},"139":{"start":{"line":601,"column":12},"end":{"line":601,"column":21}},"140":{"start":{"line":604,"column":22},"end":{"line":606,"column":null}},"141":{"start":{"line":609,"column":53},"end":{"line":609,"column":55}},"142":{"start":{"line":610,"column":16},"end":{"line":796,"column":null}},"143":{"start":{"line":612,"column":30},"end":{"line":612,"column":64}},"144":{"start":{"line":614,"column":32},"end":{"line":618,"column":10}},"145":{"start":{"line":620,"column":30},"end":{"line":624,"column":10}},"146":{"start":{"line":626,"column":30},"end":{"line":630,"column":10}},"147":{"start":{"line":632,"column":19},"end":{"line":632,"column":36}},"148":{"start":{"line":633,"column":8},"end":{"line":637,"column":10}},"149":{"start":{"line":638,"column":8},"end":{"line":642,"column":10}},"150":{"start":{"line":644,"column":30},"end":{"line":648,"column":null}},"151":{"start":{"line":651,"column":26},"end":{"line":656,"column":null}},"152":{"start":{"line":659,"column":34},"end":{"line":666,"column":12}},"153":{"start":{"line":668,"column":34},"end":{"line":675,"column":12}},"154":{"start":{"line":677,"column":29},"end":{"line":684,"column":12}},"155":{"start":{"line":686,"column":34},"end":{"line":686,"column":36}},"156":{"start":{"line":688,"column":8},"end":{"line":697,"column":9}},"157":{"start":{"line":689,"column":10},"end":{"line":696,"column":13}},"158":{"start":{"line":690,"column":26},"end":{"line":690,"column":39}},"159":{"start":{"line":691,"column":12},"end":{"line":693,"column":13}},"160":{"start":{"line":692,"column":14},"end":{"line":692,"column":44}},"161":{"start":{"line":695,"column":12},"end":{"line":695,"column":29}},"162":{"start":{"line":699,"column":8},"end":{"line":707,"column":9}},"163":{"start":{"line":700,"column":10},"end":{"line":706,"column":13}},"164":{"start":{"line":701,"column":12},"end":{"line":703,"column":13}},"165":{"start":{"line":702,"column":14},"end":{"line":702,"column":44}},"166":{"start":{"line":705,"column":12},"end":{"line":705,"column":29}},"167":{"start":{"line":709,"column":8},"end":{"line":717,"column":9}},"168":{"start":{"line":710,"column":10},"end":{"line":716,"column":13}},"169":{"start":{"line":711,"column":12},"end":{"line":713,"column":13}},"170":{"start":{"line":712,"column":14},"end":{"line":712,"column":44}},"171":{"start":{"line":715,"column":12},"end":{"line":715,"column":29}},"172":{"start":{"line":719,"column":32},"end":{"line":724,"column":null}},"173":{"start":{"line":720,"column":10},"end":{"line":724,"column":30}},"174":{"start":{"line":728,"column":10},"end":{"line":731,"column":52}},"175":{"start":{"line":732,"column":8},"end":{"line":793,"column":9}},"176":{"start":{"line":733,"column":31},"end":{"line":755,"column":26}},"177":{"start":{"line":757,"column":10},"end":{"line":757,"column":44}},"178":{"start":{"line":758,"column":10},"end":{"line":758,"column":31}},"179":{"start":{"line":760,"column":31},"end":{"line":790,"column":26}},"180":{"start":{"line":792,"column":10},"end":{"line":792,"column":31}},"181":{"start":{"line":795,"column":8},"end":{"line":795,"column":18}},"182":{"start":{"line":799,"column":27},"end":{"line":799,"column":44}},"183":{"start":{"line":801,"column":4},"end":{"line":814,"column":5}},"184":{"start":{"line":805,"column":24},"end":{"line":805,"column":66}},"185":{"start":{"line":807,"column":34},"end":{"line":809,"column":30}},"186":{"start":{"line":811,"column":6},"end":{"line":813,"column":8}},"187":{"start":{"line":816,"column":4},"end":{"line":825,"column":6}},"188":{"start":{"line":839,"column":8},"end":{"line":839,"column":14}},"189":{"start":{"line":841,"column":21},"end":{"line":841,"column":52}},"190":{"start":{"line":842,"column":4},"end":{"line":842,"column":53}},"191":{"start":{"line":842,"column":19},"end":{"line":842,"column":53}},"192":{"start":{"line":844,"column":33},"end":{"line":844,"column":79}},"193":{"start":{"line":846,"column":31},"end":{"line":850,"column":6}},"194":{"start":{"line":852,"column":30},"end":{"line":860,"column":null}},"195":{"start":{"line":855,"column":10},"end":{"line":859,"column":12}},"196":{"start":{"line":863,"column":33},"end":{"line":864,"column":null}},"197":{"start":{"line":867,"column":25},"end":{"line":868,"column":null}},"198":{"start":{"line":868,"column":16},"end":{"line":868,"column":39}},"199":{"start":{"line":871,"column":4},"end":{"line":873,"column":5}},"200":{"start":{"line":872,"column":6},"end":{"line":872,"column":64}},"201":{"start":{"line":877,"column":4},"end":{"line":884,"column":5}},"202":{"start":{"line":878,"column":6},"end":{"line":878,"column":62}},"203":{"start":{"line":880,"column":27},"end":{"line":880,"column":61}},"204":{"start":{"line":881,"column":37},"end":{"line":881,"column":49}},"205":{"start":{"line":882,"column":6},"end":{"line":883,"column":78}},"206":{"start":{"line":886,"column":26},"end":{"line":890,"column":6}},"207":{"start":{"line":892,"column":26},"end":{"line":896,"column":6}},"208":{"start":{"line":898,"column":43},"end":{"line":901,"column":6}},"209":{"start":{"line":903,"column":28},"end":{"line":903,"column":70}},"210":{"start":{"line":904,"column":15},"end":{"line":908,"column":6}},"211":{"start":{"line":910,"column":33},"end":{"line":914,"column":null}},"212":{"start":{"line":917,"column":33},"end":{"line":921,"column":null}},"213":{"start":{"line":924,"column":33},"end":{"line":928,"column":null}},"214":{"start":{"line":931,"column":33},"end":{"line":935,"column":null}},"215":{"start":{"line":938,"column":27},"end":{"line":939,"column":null}},"216":{"start":{"line":942,"column":4},"end":{"line":952,"column":5}},"217":{"start":{"line":943,"column":37},"end":{"line":948,"column":null}},"218":{"start":{"line":951,"column":6},"end":{"line":951,"column":37}},"219":{"start":{"line":954,"column":27},"end":{"line":955,"column":null}},"220":{"start":{"line":958,"column":4},"end":{"line":968,"column":5}},"221":{"start":{"line":959,"column":37},"end":{"line":964,"column":null}},"222":{"start":{"line":967,"column":6},"end":{"line":967,"column":37}},"223":{"start":{"line":988,"column":4},"end":{"line":1019,"column":5}},"224":{"start":{"line":992,"column":24},"end":{"line":992,"column":66}},"225":{"start":{"line":994,"column":34},"end":{"line":996,"column":30}},"226":{"start":{"line":998,"column":6},"end":{"line":1007,"column":7}},"227":{"start":{"line":999,"column":8},"end":{"line":1005,"column":10}},"228":{"start":{"line":1006,"column":8},"end":{"line":1006,"column":69}},"229":{"start":{"line":1009,"column":6},"end":{"line":1018,"column":7}},"230":{"start":{"line":1010,"column":8},"end":{"line":1016,"column":10}},"231":{"start":{"line":1017,"column":8},"end":{"line":1017,"column":69}},"232":{"start":{"line":1021,"column":29},"end":{"line":1049,"column":20}},"233":{"start":{"line":1051,"column":4},"end":{"line":1051,"column":29}},"234":{"start":{"line":1053,"column":4},"end":{"line":1067,"column":5}},"235":{"start":{"line":1057,"column":24},"end":{"line":1057,"column":66}},"236":{"start":{"line":1059,"column":34},"end":{"line":1061,"column":30}},"237":{"start":{"line":1062,"column":6},"end":{"line":1066,"column":7}},"238":{"start":{"line":1063,"column":8},"end":{"line":1065,"column":10}},"239":{"start":{"line":1069,"column":4},"end":{"line":1069,"column":14}},"240":{"start":{"line":1075,"column":4},"end":{"line":1118,"column":5}},"241":{"start":{"line":1076,"column":19},"end":{"line":1079,"column":36}},"242":{"start":{"line":1080,"column":38},"end":{"line":1080,"column":42}},"243":{"start":{"line":1082,"column":31},"end":{"line":1082,"column":52}},"244":{"start":{"line":1083,"column":29},"end":{"line":1083,"column":69}},"245":{"start":{"line":1084,"column":24},"end":{"line":1084,"column":32}},"246":{"start":{"line":1085,"column":25},"end":{"line":1085,"column":34}},"247":{"start":{"line":1086,"column":6},"end":{"line":1093,"column":7}},"248":{"start":{"line":1087,"column":8},"end":{"line":1088,"column":79}},"249":{"start":{"line":1091,"column":8},"end":{"line":1092,"column":78}},"250":{"start":{"line":1095,"column":31},"end":{"line":1100,"column":null}},"251":{"start":{"line":1103,"column":26},"end":{"line":1107,"column":19}},"252":{"start":{"line":1109,"column":6},"end":{"line":1115,"column":8}},"253":{"start":{"line":1117,"column":6},"end":{"line":1117,"column":18}},"254":{"start":{"line":1128,"column":4},"end":{"line":1158,"column":15}},"255":{"start":{"line":1129,"column":21},"end":{"line":1129,"column":35}},"256":{"start":{"line":1130,"column":19},"end":{"line":1130,"column":57}},"257":{"start":{"line":1131,"column":23},"end":{"line":1131,"column":37}},"258":{"start":{"line":1132,"column":22},"end":{"line":1132,"column":35}},"259":{"start":{"line":1133,"column":26},"end":{"line":1135,"column":null}},"260":{"start":{"line":1137,"column":23},"end":{"line":1137,"column":52}},"261":{"start":{"line":1138,"column":26},"end":{"line":1138,"column":65}},"262":{"start":{"line":1139,"column":20},"end":{"line":1143,"column":null}},"263":{"start":{"line":1146,"column":24},"end":{"line":1146,"column":68}},"264":{"start":{"line":1147,"column":6},"end":{"line":1147,"column":54}},"265":{"start":{"line":1148,"column":27},"end":{"line":1154,"column":null}},"266":{"start":{"line":1157,"column":6},"end":{"line":1157,"column":37}},"267":{"start":{"line":1160,"column":4},"end":{"line":1160,"column":41}},"268":{"start":{"line":1164,"column":4},"end":{"line":1164,"column":24}},"269":{"start":{"line":1168,"column":4},"end":{"line":1168,"column":36}},"270":{"start":{"line":1172,"column":22},"end":{"line":1172,"column":44}},"271":{"start":{"line":1173,"column":23},"end":{"line":1173,"column":38}},"272":{"start":{"line":1174,"column":24},"end":{"line":1175,"column":null}},"273":{"start":{"line":1175,"column":15},"end":{"line":1175,"column":34}},"274":{"start":{"line":1177,"column":37},"end":{"line":1179,"column":17}},"275":{"start":{"line":1181,"column":4},"end":{"line":1183,"column":5}},"276":{"start":{"line":1182,"column":6},"end":{"line":1182,"column":48}},"277":{"start":{"line":1185,"column":21},"end":{"line":1193,"column":null}},"278":{"start":{"line":1195,"column":4},"end":{"line":1197,"column":5}},"279":{"start":{"line":1196,"column":6},"end":{"line":1196,"column":40}},"280":{"start":{"line":1198,"column":25},"end":{"line":1207,"column":10}},"281":{"start":{"line":1199,"column":6},"end":{"line":1201,"column":7}},"282":{"start":{"line":1200,"column":8},"end":{"line":1200,"column":25}},"283":{"start":{"line":1202,"column":6},"end":{"line":1204,"column":7}},"284":{"start":{"line":1203,"column":8},"end":{"line":1203,"column":25}},"285":{"start":{"line":1205,"column":6},"end":{"line":1205,"column":48}},"286":{"start":{"line":1206,"column":6},"end":{"line":1206,"column":23}},"287":{"start":{"line":1209,"column":4},"end":{"line":1209,"column":24}},"288":{"start":{"line":1213,"column":23},"end":{"line":1213,"column":38}},"289":{"start":{"line":1214,"column":26},"end":{"line":1218,"column":null}},"290":{"start":{"line":1221,"column":26},"end":{"line":1227,"column":69}},"291":{"start":{"line":1223,"column":23},"end":{"line":1223,"column":72}},"292":{"start":{"line":1225,"column":8},"end":{"line":1225,"column":36}},"293":{"start":{"line":1227,"column":20},"end":{"line":1227,"column":68}},"294":{"start":{"line":1229,"column":22},"end":{"line":1249,"column":null}},"295":{"start":{"line":1232,"column":30},"end":{"line":1234,"column":null}},"296":{"start":{"line":1237,"column":8},"end":{"line":1248,"column":9}},"297":{"start":{"line":1238,"column":30},"end":{"line":1238,"column":74}},"298":{"start":{"line":1239,"column":10},"end":{"line":1239,"column":40}},"299":{"start":{"line":1239,"column":28},"end":{"line":1239,"column":40}},"300":{"start":{"line":1241,"column":27},"end":{"line":1242,"column":null}},"301":{"start":{"line":1244,"column":10},"end":{"line":1244,"column":72}},"302":{"start":{"line":1244,"column":60},"end":{"line":1244,"column":72}},"303":{"start":{"line":1245,"column":10},"end":{"line":1245,"column":67}},"304":{"start":{"line":1247,"column":10},"end":{"line":1247,"column":22}},"305":{"start":{"line":1251,"column":4},"end":{"line":1251,"column":37}},"306":{"start":{"line":1263,"column":43},"end":{"line":1263,"column":49}},"307":{"start":{"line":1265,"column":4},"end":{"line":1275,"column":7}},"308":{"start":{"line":1279,"column":23},"end":{"line":1279,"column":38}},"309":{"start":{"line":1281,"column":27},"end":{"line":1282,"column":null}},"310":{"start":{"line":1284,"column":4},"end":{"line":1286,"column":5}},"311":{"start":{"line":1285,"column":6},"end":{"line":1285,"column":40}},"312":{"start":{"line":1288,"column":26},"end":{"line":1291,"column":6}},"313":{"start":{"line":1292,"column":27},"end":{"line":1295,"column":6}},"314":{"start":{"line":1297,"column":40},"end":{"line":1314,"column":6}},"315":{"start":{"line":1298,"column":68},"end":{"line":1305,"column":8}},"316":{"start":{"line":1306,"column":69},"end":{"line":1313,"column":8}},"317":{"start":{"line":1316,"column":4},"end":{"line":1329,"column":6}},"318":{"start":{"line":1338,"column":55},"end":{"line":1338,"column":61}},"319":{"start":{"line":1340,"column":22},"end":{"line":1340,"column":49}},"320":{"start":{"line":1341,"column":25},"end":{"line":1341,"column":69}},"321":{"start":{"line":1343,"column":32},"end":{"line":1347,"column":null}},"322":{"start":{"line":1350,"column":4},"end":{"line":1366,"column":5}},"323":{"start":{"line":1351,"column":28},"end":{"line":1352,"column":null}},"324":{"start":{"line":1355,"column":6},"end":{"line":1365,"column":7}},"325":{"start":{"line":1357,"column":10},"end":{"line":1362,"column":null}},"326":{"start":{"line":1364,"column":8},"end":{"line":1364,"column":48}},"327":{"start":{"line":1368,"column":4},"end":{"line":1368,"column":31}},"328":{"start":{"line":1372,"column":49},"end":{"line":1372,"column":55}},"329":{"start":{"line":1373,"column":25},"end":{"line":1373,"column":72}},"330":{"start":{"line":1374,"column":32},"end":{"line":1378,"column":null}},"331":{"start":{"line":1381,"column":4},"end":{"line":1397,"column":5}},"332":{"start":{"line":1382,"column":28},"end":{"line":1383,"column":null}},"333":{"start":{"line":1386,"column":6},"end":{"line":1396,"column":7}},"334":{"start":{"line":1388,"column":10},"end":{"line":1393,"column":null}},"335":{"start":{"line":1395,"column":8},"end":{"line":1395,"column":48}},"336":{"start":{"line":1398,"column":4},"end":{"line":1398,"column":31}},"337":{"start":{"line":1404,"column":26},"end":{"line":1404,"column":48}},"338":{"start":{"line":1405,"column":4},"end":{"line":1422,"column":6}},"339":{"start":{"line":1408,"column":8},"end":{"line":1419,"column":9}},"340":{"start":{"line":1409,"column":23},"end":{"line":1409,"column":41}},"341":{"start":{"line":1410,"column":10},"end":{"line":1418,"column":11}},"342":{"start":{"line":1411,"column":12},"end":{"line":1417,"column":13}},"343":{"start":{"line":1412,"column":32},"end":{"line":1412,"column":49}},"344":{"start":{"line":1414,"column":14},"end":{"line":1416,"column":17}},"345":{"start":{"line":1415,"column":16},"end":{"line":1415,"column":40}},"346":{"start":{"line":1426,"column":30},"end":{"line":1428,"column":6}},"347":{"start":{"line":1429,"column":4},"end":{"line":1431,"column":5}},"348":{"start":{"line":1430,"column":6},"end":{"line":1430,"column":47}},"349":{"start":{"line":1433,"column":28},"end":{"line":1433,"column":65}},"350":{"start":{"line":1434,"column":20},"end":{"line":1434,"column":65}},"351":{"start":{"line":1435,"column":25},"end":{"line":1435,"column":45}},"352":{"start":{"line":1436,"column":33},"end":{"line":1437,"column":null}},"353":{"start":{"line":1437,"column":16},"end":{"line":1437,"column":47}},"354":{"start":{"line":1440,"column":38},"end":{"line":1441,"column":null}},"355":{"start":{"line":1444,"column":22},"end":{"line":1444,"column":24}},"356":{"start":{"line":1446,"column":4},"end":{"line":1460,"column":5}},"357":{"start":{"line":1447,"column":36},"end":{"line":1447,"column":67}},"358":{"start":{"line":1448,"column":6},"end":{"line":1448,"column":77}},"359":{"start":{"line":1448,"column":68},"end":{"line":1448,"column":77}},"360":{"start":{"line":1450,"column":23},"end":{"line":1455,"column":8}},"361":{"start":{"line":1451,"column":8},"end":{"line":1454,"column":10}},"362":{"start":{"line":1456,"column":6},"end":{"line":1459,"column":25}},"363":{"start":{"line":1458,"column":55},"end":{"line":1458,"column":75}},"364":{"start":{"line":1461,"column":4},"end":{"line":1461,"column":23}},"365":{"start":{"line":52,"column":0},"end":{"line":52,"column":13}}},"fnMap":{"0":{"name":"(anonymous_10)","decl":{"start":{"line":54,"column":2},"end":{"line":54,"column":14}},"loc":{"start":{"line":54,"column":42},"end":{"line":56,"column":3}}},"1":{"name":"(anonymous_11)","decl":{"start":{"line":58,"column":2},"end":{"line":58,"column":6}},"loc":{"start":{"line":58,"column":14},"end":{"line":63,"column":3}}},"2":{"name":"(anonymous_12)","decl":{"start":{"line":65,"column":2},"end":{"line":65,"column":6}},"loc":{"start":{"line":65,"column":17},"end":{"line":70,"column":3}}},"3":{"name":"(anonymous_13)","decl":{"start":{"line":72,"column":9},"end":{"line":72,"column":14}},"loc":{"start":{"line":72,"column":45},"end":{"line":75,"column":3}}},"4":{"name":"(anonymous_14)","decl":{"start":{"line":77,"column":9},"end":{"line":77,"column":14}},"loc":{"start":{"line":77,"column":53},"end":{"line":80,"column":3}}},"5":{"name":"(anonymous_15)","decl":{"start":{"line":82,"column":2},"end":{"line":82,"column":7}},"loc":{"start":{"line":82,"column":45},"end":{"line":107,"column":3}}},"6":{"name":"(anonymous_16)","decl":{"start":{"line":109,"column":9},"end":{"line":109,"column":14}},"loc":{"start":{"line":109,"column":61},"end":{"line":144,"column":3}}},"7":{"name":"(anonymous_17)","decl":{"start":{"line":146,"column":9},"end":{"line":146,"column":14}},"loc":{"start":{"line":147,"column":32},"end":{"line":217,"column":3}}},"8":{"name":"(anonymous_18)","decl":{"start":{"line":163,"column":6},"end":{"line":163,"column":7}},"loc":{"start":{"line":163,"column":16},"end":{"line":163,"column":46}}},"9":{"name":"(anonymous_19)","decl":{"start":{"line":166,"column":33},"end":{"line":166,"column":34}},"loc":{"start":{"line":166,"column":66},"end":{"line":214,"column":5}}},"10":{"name":"(anonymous_20)","decl":{"start":{"line":219,"column":9},"end":{"line":219,"column":14}},"loc":{"start":{"line":219,"column":70},"end":{"line":324,"column":3}}},"11":{"name":"(anonymous_21)","decl":{"start":{"line":326,"column":2},"end":{"line":326,"column":7}},"loc":{"start":{"line":326,"column":51},"end":{"line":379,"column":3}}},"12":{"name":"(anonymous_22)","decl":{"start":{"line":381,"column":2},"end":{"line":381,"column":7}},"loc":{"start":{"line":381,"column":71},"end":{"line":529,"column":3}}},"13":{"name":"(anonymous_23)","decl":{"start":{"line":432,"column":55},"end":{"line":432,"column":56}},"loc":{"start":{"line":432,"column":70},"end":{"line":435,"column":7}}},"14":{"name":"(anonymous_24)","decl":{"start":{"line":456,"column":6},"end":{"line":456,"column":9}},"loc":{"start":{"line":456,"column":12},"end":{"line":456,"column":21}}},"15":{"name":"(anonymous_25)","decl":{"start":{"line":531,"column":9},"end":{"line":531,"column":14}},"loc":{"start":{"line":532,"column":41},"end":{"line":826,"column":3}}},"16":{"name":"(anonymous_26)","decl":{"start":{"line":601,"column":6},"end":{"line":601,"column":9}},"loc":{"start":{"line":601,"column":12},"end":{"line":601,"column":21}}},"17":{"name":"(anonymous_27)","decl":{"start":{"line":611,"column":26},"end":{"line":611,"column":31}},"loc":{"start":{"line":611,"column":75},"end":{"line":796,"column":7}}},"18":{"name":"(anonymous_28)","decl":{"start":{"line":689,"column":40},"end":{"line":689,"column":41}},"loc":{"start":{"line":689,"column":76},"end":{"line":696,"column":11}}},"19":{"name":"(anonymous_29)","decl":{"start":{"line":700,"column":40},"end":{"line":700,"column":41}},"loc":{"start":{"line":700,"column":76},"end":{"line":706,"column":11}}},"20":{"name":"(anonymous_30)","decl":{"start":{"line":710,"column":40},"end":{"line":710,"column":41}},"loc":{"start":{"line":710,"column":76},"end":{"line":716,"column":11}}},"21":{"name":"(anonymous_31)","decl":{"start":{"line":719,"column":49},"end":{"line":719,"column":50}},"loc":{"start":{"line":720,"column":10},"end":{"line":724,"column":30}}},"22":{"name":"(anonymous_32)","decl":{"start":{"line":828,"column":9},"end":{"line":828,"column":14}},"loc":{"start":{"line":828,"column":38},"end":{"line":1070,"column":3}}},"23":{"name":"(anonymous_33)","decl":{"start":{"line":854,"column":8},"end":{"line":854,"column":13}},"loc":{"start":{"line":855,"column":10},"end":{"line":859,"column":12}}},"24":{"name":"(anonymous_34)","decl":{"start":{"line":868,"column":6},"end":{"line":868,"column":7}},"loc":{"start":{"line":868,"column":16},"end":{"line":868,"column":39}}},"25":{"name":"(anonymous_35)","decl":{"start":{"line":1072,"column":9},"end":{"line":1072,"column":14}},"loc":{"start":{"line":1073,"column":32},"end":{"line":1119,"column":3}}},"26":{"name":"(anonymous_36)","decl":{"start":{"line":1121,"column":9},"end":{"line":1121,"column":14}},"loc":{"start":{"line":1126,"column":28},"end":{"line":1161,"column":3}}},"27":{"name":"(anonymous_37)","decl":{"start":{"line":1163,"column":9},"end":{"line":1163,"column":19}},"loc":{"start":{"line":1163,"column":19},"end":{"line":1165,"column":3}}},"28":{"name":"(anonymous_38)","decl":{"start":{"line":1167,"column":9},"end":{"line":1167,"column":24}},"loc":{"start":{"line":1167,"column":24},"end":{"line":1169,"column":3}}},"29":{"name":"(anonymous_39)","decl":{"start":{"line":1171,"column":9},"end":{"line":1171,"column":14}},"loc":{"start":{"line":1171,"column":33},"end":{"line":1210,"column":3}}},"30":{"name":"(anonymous_40)","decl":{"start":{"line":1175,"column":6},"end":{"line":1175,"column":7}},"loc":{"start":{"line":1175,"column":15},"end":{"line":1175,"column":34}}},"31":{"name":"(anonymous_41)","decl":{"start":{"line":1198,"column":41},"end":{"line":1198,"column":42}},"loc":{"start":{"line":1198,"column":74},"end":{"line":1207,"column":5}}},"32":{"name":"(anonymous_42)","decl":{"start":{"line":1212,"column":9},"end":{"line":1212,"column":14}},"loc":{"start":{"line":1212,"column":68},"end":{"line":1252,"column":3}}},"33":{"name":"(anonymous_43)","decl":{"start":{"line":1222,"column":14},"end":{"line":1222,"column":15}},"loc":{"start":{"line":1222,"column":22},"end":{"line":1226,"column":7}}},"34":{"name":"(anonymous_44)","decl":{"start":{"line":1227,"column":11},"end":{"line":1227,"column":12}},"loc":{"start":{"line":1227,"column":20},"end":{"line":1227,"column":68}}},"35":{"name":"(anonymous_45)","decl":{"start":{"line":1230,"column":24},"end":{"line":1230,"column":29}},"loc":{"start":{"line":1230,"column":39},"end":{"line":1249,"column":7}}},"36":{"name":"(anonymous_46)","decl":{"start":{"line":1254,"column":9},"end":{"line":1254,"column":14}},"loc":{"start":{"line":1262,"column":3},"end":{"line":1276,"column":3}}},"37":{"name":"(anonymous_47)","decl":{"start":{"line":1278,"column":9},"end":{"line":1278,"column":14}},"loc":{"start":{"line":1278,"column":45},"end":{"line":1330,"column":3}}},"38":{"name":"(anonymous_48)","decl":{"start":{"line":1298,"column":61},"end":{"line":1298,"column":64}},"loc":{"start":{"line":1298,"column":68},"end":{"line":1305,"column":8}}},"39":{"name":"(anonymous_49)","decl":{"start":{"line":1306,"column":62},"end":{"line":1306,"column":65}},"loc":{"start":{"line":1306,"column":69},"end":{"line":1313,"column":8}}},"40":{"name":"(anonymous_50)","decl":{"start":{"line":1332,"column":9},"end":{"line":1332,"column":14}},"loc":{"start":{"line":1337,"column":3},"end":{"line":1369,"column":3}}},"41":{"name":"(anonymous_51)","decl":{"start":{"line":1371,"column":9},"end":{"line":1371,"column":14}},"loc":{"start":{"line":1371,"column":62},"end":{"line":1399,"column":3}}},"42":{"name":"(anonymous_52)","decl":{"start":{"line":1401,"column":9},"end":{"line":1401,"column":14}},"loc":{"start":{"line":1402,"column":54},"end":{"line":1423,"column":3}}},"43":{"name":"(anonymous_53)","decl":{"start":{"line":1407,"column":6},"end":{"line":1407,"column":7}},"loc":{"start":{"line":1407,"column":18},"end":{"line":1420,"column":7}}},"44":{"name":"(anonymous_54)","decl":{"start":{"line":1414,"column":58},"end":{"line":1414,"column":59}},"loc":{"start":{"line":1414,"column":70},"end":{"line":1416,"column":15}}},"45":{"name":"(anonymous_55)","decl":{"start":{"line":1425,"column":10},"end":{"line":1425,"column":15}},"loc":{"start":{"line":1425,"column":56},"end":{"line":1462,"column":3}}},"46":{"name":"(anonymous_56)","decl":{"start":{"line":1437,"column":6},"end":{"line":1437,"column":7}},"loc":{"start":{"line":1437,"column":16},"end":{"line":1437,"column":47}}},"47":{"name":"(anonymous_57)","decl":{"start":{"line":1450,"column":57},"end":{"line":1450,"column":58}},"loc":{"start":{"line":1450,"column":73},"end":{"line":1455,"column":7}}},"48":{"name":"(anonymous_58)","decl":{"start":{"line":1458,"column":10},"end":{"line":1458,"column":11}},"loc":{"start":{"line":1458,"column":55},"end":{"line":1458,"column":75}}}},"branchMap":{"0":{"loc":{"start":{"line":59,"column":4},"end":{"line":61,"column":5}},"type":"if","locations":[{"start":{"line":59,"column":4},"end":{"line":61,"column":5}},{"start":{},"end":{}}]},"1":{"loc":{"start":{"line":66,"column":4},"end":{"line":68,"column":5}},"type":"if","locations":[{"start":{"line":66,"column":4},"end":{"line":68,"column":5}},{"start":{},"end":{}}]},"2":{"loc":{"start":{"line":94,"column":4},"end":{"line":104,"column":5}},"type":"if","locations":[{"start":{"line":94,"column":4},"end":{"line":104,"column":5}},{"start":{},"end":{}}]},"3":{"loc":{"start":{"line":94,"column":8},"end":{"line":94,"column":28}},"type":"binary-expr","locations":[{"start":{"line":94,"column":8},"end":{"line":94,"column":19}},{"start":{"line":94,"column":23},"end":{"line":94,"column":28}}]},"4":{"loc":{"start":{"line":97,"column":6},"end":{"line":103,"column":7}},"type":"if","locations":[{"start":{"line":97,"column":6},"end":{"line":103,"column":7}},{"start":{},"end":{}}]},"5":{"loc":{"start":{"line":170,"column":6},"end":{"line":205,"column":7}},"type":"if","locations":[{"start":{"line":170,"column":6},"end":{"line":205,"column":7}},{"start":{},"end":{}}]},"6":{"loc":{"start":{"line":178,"column":10},"end":{"line":185,"column":15}},"type":"cond-expr","locations":[{"start":{"line":179,"column":14},"end":{"line":183,"column":null}},{"start":{"line":185,"column":14},"end":{"line":185,"column":15}}]},"7":{"loc":{"start":{"line":188,"column":10},"end":{"line":195,"column":15}},"type":"cond-expr","locations":[{"start":{"line":189,"column":14},"end":{"line":193,"column":null}},{"start":{"line":195,"column":14},"end":{"line":195,"column":15}}]},"8":{"loc":{"start":{"line":198,"column":20},"end":{"line":198,"column":33}},"type":"binary-expr","locations":[{"start":{"line":198,"column":20},"end":{"line":198,"column":28}},{"start":{"line":198,"column":32},"end":{"line":198,"column":33}}]},"9":{"loc":{"start":{"line":199,"column":20},"end":{"line":199,"column":33}},"type":"binary-expr","locations":[{"start":{"line":199,"column":20},"end":{"line":199,"column":28}},{"start":{"line":199,"column":32},"end":{"line":199,"column":33}}]},"10":{"loc":{"start":{"line":226,"column":6},"end":{"line":226,"column":20}},"type":"binary-expr","locations":[{"start":{"line":226,"column":6},"end":{"line":226,"column":15}},{"start":{"line":226,"column":19},"end":{"line":226,"column":20}}]},"11":{"loc":{"start":{"line":234,"column":4},"end":{"line":236,"column":5}},"type":"if","locations":[{"start":{"line":234,"column":4},"end":{"line":236,"column":5}},{"start":{},"end":{}}]},"12":{"loc":{"start":{"line":425,"column":4},"end":{"line":453,"column":5}},"type":"if","locations":[{"start":{"line":425,"column":4},"end":{"line":453,"column":5}},{"start":{},"end":{}}]},"13":{"loc":{"start":{"line":426,"column":6},"end":{"line":427,"column":57}},"type":"binary-expr","locations":[{"start":{"line":426,"column":6},"end":{"line":426,"column":57}},{"start":{"line":427,"column":6},"end":{"line":427,"column":57}}]},"14":{"loc":{"start":{"line":431,"column":26},"end":{"line":431,"column":55}},"type":"cond-expr","locations":[{"start":{"line":431,"column":38},"end":{"line":431,"column":45}},{"start":{"line":431,"column":48},"end":{"line":431,"column":55}}]},"15":{"loc":{"start":{"line":433,"column":27},"end":{"line":433,"column":78}},"type":"cond-expr","locations":[{"start":{"line":433,"column":39},"end":{"line":433,"column":57}},{"start":{"line":433,"column":60},"end":{"line":433,"column":78}}]},"16":{"loc":{"start":{"line":437,"column":6},"end":{"line":452,"column":7}},"type":"if","locations":[{"start":{"line":437,"column":6},"end":{"line":452,"column":7}},{"start":{},"end":{}}]},"17":{"loc":{"start":{"line":440,"column":36},"end":{"line":442,"column":32}},"type":"cond-expr","locations":[{"start":{"line":441,"column":12},"end":{"line":441,"column":32}},{"start":{"line":442,"column":12},"end":{"line":442,"column":32}}]},"18":{"loc":{"start":{"line":460,"column":6},"end":{"line":460,"column":29}},"type":"binary-expr","locations":[{"start":{"line":460,"column":6},"end":{"line":460,"column":24}},{"start":{"line":460,"column":28},"end":{"line":460,"column":29}}]},"19":{"loc":{"start":{"line":461,"column":28},"end":{"line":461,"column":47}},"type":"binary-expr","locations":[{"start":{"line":461,"column":28},"end":{"line":461,"column":42}},{"start":{"line":461,"column":46},"end":{"line":461,"column":47}}]},"20":{"loc":{"start":{"line":587,"column":4},"end":{"line":598,"column":5}},"type":"if","locations":[{"start":{"line":587,"column":4},"end":{"line":598,"column":5}},{"start":{},"end":{}}]},"21":{"loc":{"start":{"line":605,"column":6},"end":{"line":605,"column":29}},"type":"binary-expr","locations":[{"start":{"line":605,"column":6},"end":{"line":605,"column":24}},{"start":{"line":605,"column":28},"end":{"line":605,"column":29}}]},"22":{"loc":{"start":{"line":606,"column":28},"end":{"line":606,"column":47}},"type":"binary-expr","locations":[{"start":{"line":606,"column":28},"end":{"line":606,"column":42}},{"start":{"line":606,"column":46},"end":{"line":606,"column":47}}]},"23":{"loc":{"start":{"line":688,"column":8},"end":{"line":697,"column":9}},"type":"if","locations":[{"start":{"line":688,"column":8},"end":{"line":697,"column":9}},{"start":{},"end":{}}]},"24":{"loc":{"start":{"line":691,"column":12},"end":{"line":693,"column":13}},"type":"if","locations":[{"start":{"line":691,"column":12},"end":{"line":693,"column":13}},{"start":{},"end":{}}]},"25":{"loc":{"start":{"line":691,"column":16},"end":{"line":691,"column":62}},"type":"binary-expr","locations":[{"start":{"line":691,"column":16},"end":{"line":691,"column":38}},{"start":{"line":691,"column":42},"end":{"line":691,"column":62}}]},"26":{"loc":{"start":{"line":699,"column":8},"end":{"line":707,"column":9}},"type":"if","locations":[{"start":{"line":699,"column":8},"end":{"line":707,"column":9}},{"start":{},"end":{}}]},"27":{"loc":{"start":{"line":701,"column":12},"end":{"line":703,"column":13}},"type":"if","locations":[{"start":{"line":701,"column":12},"end":{"line":703,"column":13}},{"start":{},"end":{}}]},"28":{"loc":{"start":{"line":701,"column":16},"end":{"line":701,"column":58}},"type":"binary-expr","locations":[{"start":{"line":701,"column":16},"end":{"line":701,"column":32}},{"start":{"line":701,"column":36},"end":{"line":701,"column":58}}]},"29":{"loc":{"start":{"line":709,"column":8},"end":{"line":717,"column":9}},"type":"if","locations":[{"start":{"line":709,"column":8},"end":{"line":717,"column":9}},{"start":{},"end":{}}]},"30":{"loc":{"start":{"line":711,"column":12},"end":{"line":713,"column":13}},"type":"if","locations":[{"start":{"line":711,"column":12},"end":{"line":713,"column":13}},{"start":{},"end":{}}]},"31":{"loc":{"start":{"line":711,"column":16},"end":{"line":711,"column":58}},"type":"binary-expr","locations":[{"start":{"line":711,"column":16},"end":{"line":711,"column":32}},{"start":{"line":711,"column":36},"end":{"line":711,"column":58}}]},"32":{"loc":{"start":{"line":720,"column":10},"end":{"line":724,"column":30}},"type":"cond-expr","locations":[{"start":{"line":721,"column":14},"end":{"line":721,"column":56}},{"start":{"line":722,"column":14},"end":{"line":724,"column":30}}]},"33":{"loc":{"start":{"line":722,"column":14},"end":{"line":724,"column":30}},"type":"cond-expr","locations":[{"start":{"line":723,"column":16},"end":{"line":723,"column":30}},{"start":{"line":724,"column":16},"end":{"line":724,"column":30}}]},"34":{"loc":{"start":{"line":728,"column":10},"end":{"line":731,"column":52}},"type":"binary-expr","locations":[{"start":{"line":728,"column":11},"end":{"line":728,"column":32}},{"start":{"line":729,"column":12},"end":{"line":729,"column":53}},{"start":{"line":730,"column":11},"end":{"line":730,"column":43}},{"start":{"line":731,"column":12},"end":{"line":731,"column":51}}]},"35":{"loc":{"start":{"line":732,"column":8},"end":{"line":793,"column":9}},"type":"if","locations":[{"start":{"line":732,"column":8},"end":{"line":793,"column":9}},{"start":{"line":759,"column":15},"end":{"line":793,"column":9}}]},"36":{"loc":{"start":{"line":801,"column":4},"end":{"line":814,"column":5}},"type":"if","locations":[{"start":{"line":801,"column":4},"end":{"line":814,"column":5}},{"start":{},"end":{}}]},"37":{"loc":{"start":{"line":802,"column":6},"end":{"line":803,"column":48}},"type":"binary-expr","locations":[{"start":{"line":802,"column":6},"end":{"line":802,"column":48}},{"start":{"line":803,"column":6},"end":{"line":803,"column":48}}]},"38":{"loc":{"start":{"line":807,"column":34},"end":{"line":809,"column":30}},"type":"cond-expr","locations":[{"start":{"line":808,"column":10},"end":{"line":808,"column":30}},{"start":{"line":809,"column":10},"end":{"line":809,"column":30}}]},"39":{"loc":{"start":{"line":818,"column":23},"end":{"line":820,"column":19}},"type":"cond-expr","locations":[{"start":{"line":819,"column":10},"end":{"line":819,"column":25}},{"start":{"line":820,"column":10},"end":{"line":820,"column":19}}]},"40":{"loc":{"start":{"line":821,"column":22},"end":{"line":823,"column":19}},"type":"cond-expr","locations":[{"start":{"line":822,"column":10},"end":{"line":822,"column":24}},{"start":{"line":823,"column":10},"end":{"line":823,"column":19}}]},"41":{"loc":{"start":{"line":842,"column":4},"end":{"line":842,"column":53}},"type":"if","locations":[{"start":{"line":842,"column":4},"end":{"line":842,"column":53}},{"start":{},"end":{}}]},"42":{"loc":{"start":{"line":871,"column":4},"end":{"line":873,"column":5}},"type":"if","locations":[{"start":{"line":871,"column":4},"end":{"line":873,"column":5}},{"start":{},"end":{}}]},"43":{"loc":{"start":{"line":877,"column":4},"end":{"line":884,"column":5}},"type":"if","locations":[{"start":{"line":877,"column":4},"end":{"line":884,"column":5}},{"start":{"line":879,"column":11},"end":{"line":884,"column":5}}]},"44":{"loc":{"start":{"line":883,"column":8},"end":{"line":883,"column":77}},"type":"cond-expr","locations":[{"start":{"line":883,"column":44},"end":{"line":883,"column":59}},{"start":{"line":883,"column":62},"end":{"line":883,"column":77}}]},"45":{"loc":{"start":{"line":942,"column":4},"end":{"line":952,"column":5}},"type":"if","locations":[{"start":{"line":942,"column":4},"end":{"line":952,"column":5}},{"start":{},"end":{}}]},"46":{"loc":{"start":{"line":958,"column":4},"end":{"line":968,"column":5}},"type":"if","locations":[{"start":{"line":958,"column":4},"end":{"line":968,"column":5}},{"start":{},"end":{}}]},"47":{"loc":{"start":{"line":988,"column":4},"end":{"line":1019,"column":5}},"type":"if","locations":[{"start":{"line":988,"column":4},"end":{"line":1019,"column":5}},{"start":{},"end":{}}]},"48":{"loc":{"start":{"line":989,"column":6},"end":{"line":990,"column":48}},"type":"binary-expr","locations":[{"start":{"line":989,"column":6},"end":{"line":989,"column":48}},{"start":{"line":990,"column":6},"end":{"line":990,"column":48}}]},"49":{"loc":{"start":{"line":994,"column":34},"end":{"line":996,"column":30}},"type":"cond-expr","locations":[{"start":{"line":995,"column":10},"end":{"line":995,"column":30}},{"start":{"line":996,"column":10},"end":{"line":996,"column":30}}]},"50":{"loc":{"start":{"line":998,"column":6},"end":{"line":1007,"column":7}},"type":"if","locations":[{"start":{"line":998,"column":6},"end":{"line":1007,"column":7}},{"start":{},"end":{}}]},"51":{"loc":{"start":{"line":998,"column":10},"end":{"line":998,"column":32}},"type":"binary-expr","locations":[{"start":{"line":998,"column":10},"end":{"line":998,"column":19}},{"start":{"line":998,"column":23},"end":{"line":998,"column":32}}]},"52":{"loc":{"start":{"line":1009,"column":6},"end":{"line":1018,"column":7}},"type":"if","locations":[{"start":{"line":1009,"column":6},"end":{"line":1018,"column":7}},{"start":{},"end":{}}]},"53":{"loc":{"start":{"line":1009,"column":10},"end":{"line":1009,"column":32}},"type":"binary-expr","locations":[{"start":{"line":1009,"column":10},"end":{"line":1009,"column":20}},{"start":{"line":1009,"column":24},"end":{"line":1009,"column":32}}]},"54":{"loc":{"start":{"line":1026,"column":8},"end":{"line":1026,"column":63}},"type":"cond-expr","locations":[{"start":{"line":1026,"column":23},"end":{"line":1026,"column":41}},{"start":{"line":1026,"column":44},"end":{"line":1026,"column":63}}]},"55":{"loc":{"start":{"line":1041,"column":14},"end":{"line":1041,"column":26}},"type":"binary-expr","locations":[{"start":{"line":1041,"column":14},"end":{"line":1041,"column":18}},{"start":{"line":1041,"column":22},"end":{"line":1041,"column":26}}]},"56":{"loc":{"start":{"line":1053,"column":4},"end":{"line":1067,"column":5}},"type":"if","locations":[{"start":{"line":1053,"column":4},"end":{"line":1067,"column":5}},{"start":{},"end":{}}]},"57":{"loc":{"start":{"line":1054,"column":6},"end":{"line":1055,"column":48}},"type":"binary-expr","locations":[{"start":{"line":1054,"column":6},"end":{"line":1054,"column":48}},{"start":{"line":1055,"column":6},"end":{"line":1055,"column":48}}]},"58":{"loc":{"start":{"line":1059,"column":34},"end":{"line":1061,"column":30}},"type":"cond-expr","locations":[{"start":{"line":1060,"column":10},"end":{"line":1060,"column":30}},{"start":{"line":1061,"column":10},"end":{"line":1061,"column":30}}]},"59":{"loc":{"start":{"line":1062,"column":6},"end":{"line":1066,"column":7}},"type":"if","locations":[{"start":{"line":1062,"column":6},"end":{"line":1066,"column":7}},{"start":{},"end":{}}]},"60":{"loc":{"start":{"line":1062,"column":10},"end":{"line":1062,"column":62}},"type":"binary-expr","locations":[{"start":{"line":1062,"column":11},"end":{"line":1062,"column":20}},{"start":{"line":1062,"column":24},"end":{"line":1062,"column":32}},{"start":{"line":1062,"column":38},"end":{"line":1062,"column":48}},{"start":{"line":1062,"column":52},"end":{"line":1062,"column":61}}]},"61":{"loc":{"start":{"line":1086,"column":6},"end":{"line":1093,"column":7}},"type":"if","locations":[{"start":{"line":1086,"column":6},"end":{"line":1093,"column":7}},{"start":{"line":1089,"column":13},"end":{"line":1093,"column":7}}]},"62":{"loc":{"start":{"line":1112,"column":16},"end":{"line":1112,"column":64}},"type":"cond-expr","locations":[{"start":{"line":1112,"column":38},"end":{"line":1112,"column":49}},{"start":{"line":1112,"column":52},"end":{"line":1112,"column":64}}]},"63":{"loc":{"start":{"line":1113,"column":27},"end":{"line":1113,"column":75}},"type":"cond-expr","locations":[{"start":{"line":1113,"column":49},"end":{"line":1113,"column":61}},{"start":{"line":1113,"column":64},"end":{"line":1113,"column":75}}]},"64":{"loc":{"start":{"line":1124,"column":4},"end":{"line":1124,"column":29}},"type":"default-arg","locations":[{"start":{"line":1124,"column":24},"end":{"line":1124,"column":29}}]},"65":{"loc":{"start":{"line":1125,"column":4},"end":{"line":1125,"column":27}},"type":"default-arg","locations":[{"start":{"line":1125,"column":26},"end":{"line":1125,"column":27}}]},"66":{"loc":{"start":{"line":1126,"column":4},"end":{"line":1126,"column":28}},"type":"default-arg","locations":[{"start":{"line":1126,"column":27},"end":{"line":1126,"column":28}}]},"67":{"loc":{"start":{"line":1148,"column":27},"end":{"line":1154,"column":null}},"type":"cond-expr","locations":[{"start":{"line":1149,"column":10},"end":{"line":1149,"column":80}},{"start":{"line":1150,"column":10},"end":{"line":1154,"column":null}}]},"68":{"loc":{"start":{"line":1177,"column":37},"end":{"line":1179,"column":17}},"type":"cond-expr","locations":[{"start":{"line":1178,"column":8},"end":{"line":1178,"column":33}},{"start":{"line":1179,"column":8},"end":{"line":1179,"column":17}}]},"69":{"loc":{"start":{"line":1181,"column":4},"end":{"line":1183,"column":5}},"type":"if","locations":[{"start":{"line":1181,"column":4},"end":{"line":1183,"column":5}},{"start":{},"end":{}}]},"70":{"loc":{"start":{"line":1195,"column":4},"end":{"line":1197,"column":5}},"type":"if","locations":[{"start":{"line":1195,"column":4},"end":{"line":1197,"column":5}},{"start":{},"end":{}}]},"71":{"loc":{"start":{"line":1199,"column":6},"end":{"line":1201,"column":7}},"type":"if","locations":[{"start":{"line":1199,"column":6},"end":{"line":1201,"column":7}},{"start":{},"end":{}}]},"72":{"loc":{"start":{"line":1202,"column":6},"end":{"line":1204,"column":7}},"type":"if","locations":[{"start":{"line":1202,"column":6},"end":{"line":1204,"column":7}},{"start":{},"end":{}}]},"73":{"loc":{"start":{"line":1225,"column":15},"end":{"line":1225,"column":35}},"type":"binary-expr","locations":[{"start":{"line":1225,"column":15},"end":{"line":1225,"column":21}},{"start":{"line":1225,"column":25},"end":{"line":1225,"column":35}}]},"74":{"loc":{"start":{"line":1239,"column":10},"end":{"line":1239,"column":40}},"type":"if","locations":[{"start":{"line":1239,"column":10},"end":{"line":1239,"column":40}},{"start":{},"end":{}}]},"75":{"loc":{"start":{"line":1244,"column":10},"end":{"line":1244,"column":72}},"type":"if","locations":[{"start":{"line":1244,"column":10},"end":{"line":1244,"column":72}},{"start":{},"end":{}}]},"76":{"loc":{"start":{"line":1284,"column":4},"end":{"line":1286,"column":5}},"type":"if","locations":[{"start":{"line":1284,"column":4},"end":{"line":1286,"column":5}},{"start":{},"end":{}}]},"77":{"loc":{"start":{"line":1350,"column":4},"end":{"line":1366,"column":5}},"type":"if","locations":[{"start":{"line":1350,"column":4},"end":{"line":1366,"column":5}},{"start":{},"end":{}}]},"78":{"loc":{"start":{"line":1350,"column":8},"end":{"line":1350,"column":28}},"type":"binary-expr","locations":[{"start":{"line":1350,"column":8},"end":{"line":1350,"column":19}},{"start":{"line":1350,"column":23},"end":{"line":1350,"column":28}}]},"79":{"loc":{"start":{"line":1355,"column":6},"end":{"line":1365,"column":7}},"type":"if","locations":[{"start":{"line":1355,"column":6},"end":{"line":1365,"column":7}},{"start":{},"end":{}}]},"80":{"loc":{"start":{"line":1381,"column":4},"end":{"line":1397,"column":5}},"type":"if","locations":[{"start":{"line":1381,"column":4},"end":{"line":1397,"column":5}},{"start":{},"end":{}}]},"81":{"loc":{"start":{"line":1386,"column":6},"end":{"line":1396,"column":7}},"type":"if","locations":[{"start":{"line":1386,"column":6},"end":{"line":1396,"column":7}},{"start":{},"end":{}}]},"82":{"loc":{"start":{"line":1408,"column":8},"end":{"line":1419,"column":9}},"type":"if","locations":[{"start":{"line":1408,"column":8},"end":{"line":1419,"column":9}},{"start":{},"end":{}}]},"83":{"loc":{"start":{"line":1409,"column":23},"end":{"line":1409,"column":41}},"type":"binary-expr","locations":[{"start":{"line":1409,"column":23},"end":{"line":1409,"column":35}},{"start":{"line":1409,"column":39},"end":{"line":1409,"column":41}}]},"84":{"loc":{"start":{"line":1411,"column":12},"end":{"line":1417,"column":13}},"type":"if","locations":[{"start":{"line":1411,"column":12},"end":{"line":1417,"column":13}},{"start":{},"end":{}}]},"85":{"loc":{"start":{"line":1429,"column":4},"end":{"line":1431,"column":5}},"type":"if","locations":[{"start":{"line":1429,"column":4},"end":{"line":1431,"column":5}},{"start":{},"end":{}}]},"86":{"loc":{"start":{"line":1448,"column":6},"end":{"line":1448,"column":77}},"type":"if","locations":[{"start":{"line":1448,"column":6},"end":{"line":1448,"column":77}},{"start":{},"end":{}}]},"87":{"loc":{"start":{"line":1457,"column":8},"end":{"line":1459,"column":24}},"type":"binary-expr","locations":[{"start":{"line":1457,"column":8},"end":{"line":1459,"column":18}},{"start":{"line":1459,"column":22},"end":{"line":1459,"column":24}}]}},"s":{"0":2,"1":2,"2":2,"3":2,"4":2,"5":2,"6":2,"7":2,"8":2,"9":2,"10":2,"11":2,"12":2,"13":2,"14":2,"15":2,"16":53,"17":0,"18":0,"19":0,"20":0,"21":0,"22":0,"23":7,"24":0,"25":3,"26":3,"27":3,"28":0,"29":0,"30":0,"31":0,"32":3,"33":0,"34":0,"35":0,"36":0,"37":0,"38":0,"39":0,"40":0,"41":0,"42":0,"43":0,"44":0,"45":0,"46":0,"47":0,"48":0,"49":0,"50":0,"51":0,"52":0,"53":0,"54":0,"55":0,"56":0,"57":0,"58":0,"59":0,"60":0,"61":0,"62":0,"63":0,"64":0,"65":0,"66":0,"67":0,"68":0,"69":0,"70":0,"71":0,"72":0,"73":0,"74":0,"75":0,"76":0,"77":0,"78":0,"79":0,"80":0,"81":0,"82":0,"83":0,"84":0,"85":0,"86":0,"87":0,"88":0,"89":0,"90":0,"91":0,"92":0,"93":0,"94":0,"95":0,"96":0,"97":0,"98":0,"99":0,"100":0,"101":0,"102":0,"103":0,"104":0,"105":0,"106":0,"107":0,"108":0,"109":0,"110":0,"111":0,"112":0,"113":0,"114":0,"115":0,"116":0,"117":0,"118":0,"119":0,"120":0,"121":0,"122":0,"123":0,"124":0,"125":0,"126":0,"127":0,"128":0,"129":0,"130":0,"131":0,"132":0,"133":0,"134":0,"135":0,"136":0,"137":0,"138":0,"139":0,"140":0,"141":0,"142":0,"143":0,"144":0,"145":0,"146":0,"147":0,"148":0,"149":0,"150":0,"151":0,"152":0,"153":0,"154":0,"155":0,"156":0,"157":0,"158":0,"159":0,"160":0,"161":0,"162":0,"163":0,"164":0,"165":0,"166":0,"167":0,"168":0,"169":0,"170":0,"171":0,"172":0,"173":0,"174":0,"175":0,"176":0,"177":0,"178":0,"179":0,"180":0,"181":0,"182":0,"183":0,"184":0,"185":0,"186":0,"187":0,"188":1,"189":1,"190":1,"191":0,"192":1,"193":1,"194":1,"195":3,"196":1,"197":0,"198":0,"199":0,"200":0,"201":0,"202":0,"203":0,"204":0,"205":0,"206":0,"207":0,"208":0,"209":0,"210":0,"211":0,"212":0,"213":0,"214":0,"215":0,"216":0,"217":0,"218":0,"219":0,"220":0,"221":0,"222":0,"223":0,"224":0,"225":0,"226":0,"227":0,"228":0,"229":0,"230":0,"231":0,"232":0,"233":0,"234":0,"235":0,"236":0,"237":0,"238":0,"239":0,"240":0,"241":0,"242":0,"243":0,"244":0,"245":0,"246":0,"247":0,"248":0,"249":0,"250":0,"251":0,"252":0,"253":0,"254":0,"255":0,"256":0,"257":0,"258":0,"259":0,"260":0,"261":0,"262":0,"263":0,"264":0,"265":0,"266":0,"267":0,"268":0,"269":0,"270":0,"271":0,"272":0,"273":0,"274":0,"275":0,"276":0,"277":0,"278":0,"279":0,"280":0,"281":0,"282":0,"283":0,"284":0,"285":0,"286":0,"287":0,"288":0,"289":0,"290":0,"291":0,"292":0,"293":0,"294":0,"295":0,"296":0,"297":0,"298":0,"299":0,"300":0,"301":0,"302":0,"303":0,"304":0,"305":0,"306":0,"307":0,"308":0,"309":0,"310":0,"311":0,"312":0,"313":0,"314":0,"315":0,"316":0,"317":0,"318":0,"319":0,"320":0,"321":0,"322":0,"323":0,"324":0,"325":0,"326":0,"327":0,"328":0,"329":0,"330":0,"331":0,"332":0,"333":0,"334":0,"335":0,"336":0,"337":0,"338":0,"339":0,"340":0,"341":0,"342":0,"343":0,"344":0,"345":0,"346":0,"347":0,"348":0,"349":0,"350":0,"351":0,"352":0,"353":0,"354":0,"355":0,"356":0,"357":0,"358":0,"359":0,"360":0,"361":0,"362":0,"363":0,"364":0,"365":2},"f":{"0":53,"1":0,"2":0,"3":7,"4":0,"5":3,"6":0,"7":0,"8":0,"9":0,"10":0,"11":0,"12":0,"13":0,"14":0,"15":0,"16":0,"17":0,"18":0,"19":0,"20":0,"21":0,"22":1,"23":3,"24":0,"25":0,"26":0,"27":0,"28":0,"29":0,"30":0,"31":0,"32":0,"33":0,"34":0,"35":0,"36":0,"37":0,"38":0,"39":0,"40":0,"41":0,"42":0,"43":0,"44":0,"45":0,"46":0,"47":0,"48":0},"b":{"0":[0,0],"1":[0,0],"2":[0,3],"3":[3,0],"4":[0,0],"5":[0,0],"6":[0,0],"7":[0,0],"8":[0,0],"9":[0,0],"10":[0,0],"11":[0,0],"12":[0,0],"13":[0,0],"14":[0,0],"15":[0,0],"16":[0,0],"17":[0,0],"18":[0,0],"19":[0,0],"20":[0,0],"21":[0,0],"22":[0,0],"23":[0,0],"24":[0,0],"25":[0,0],"26":[0,0],"27":[0,0],"28":[0,0],"29":[0,0],"30":[0,0],"31":[0,0],"32":[0,0],"33":[0,0],"34":[0,0,0,0],"35":[0,0],"36":[0,0],"37":[0,0],"38":[0,0],"39":[0,0],"40":[0,0],"41":[0,1],"42":[0,0],"43":[0,0],"44":[0,0],"45":[0,0],"46":[0,0],"47":[0,0],"48":[0,0],"49":[0,0],"50":[0,0],"51":[0,0],"52":[0,0],"53":[0,0],"54":[0,0],"55":[0,0],"56":[0,0],"57":[0,0],"58":[0,0],"59":[0,0],"60":[0,0,0,0],"61":[0,0],"62":[0,0],"63":[0,0],"64":[0],"65":[0],"66":[0],"67":[0,0],"68":[0,0],"69":[0,0],"70":[0,0],"71":[0,0],"72":[0,0],"73":[0,0],"74":[0,0],"75":[0,0],"76":[0,0],"77":[0,0],"78":[0,0],"79":[0,0],"80":[0,0],"81":[0,0],"82":[0,0],"83":[0,0],"84":[0,0],"85":[0,0],"86":[0,0],"87":[0,0]}}
,"H:\\Rahul Prasad 01\\earn\\Saros\\dlmm-saros-sdk\\services\\getProgram.ts": {"path":"H:\\Rahul Prasad 01\\earn\\Saros\\dlmm-saros-sdk\\services\\getProgram.ts","statementMap":{"0":{"start":{"line":1,"column":0},"end":{"line":1,"column":76}},"1":{"start":{"line":4,"column":26},"end":{"line":18,"column":1}},"2":{"start":{"line":8,"column":18},"end":{"line":8,"column":64}},"3":{"start":{"line":10,"column":16},"end":{"line":10,"column":47}},"4":{"start":{"line":13,"column":4},"end":{"line":15,"column":24}},"5":{"start":{"line":17,"column":2},"end":{"line":17,"column":17}},"6":{"start":{"line":4,"column":13},"end":{"line":4,"column":26}}},"fnMap":{"0":{"name":"(anonymous_0)","decl":{"start":{"line":4,"column":26},"end":{"line":4,"column":31}},"loc":{"start":{"line":7,"column":4},"end":{"line":18,"column":1}}}},"branchMap":{"0":{"loc":{"start":{"line":13,"column":4},"end":{"line":15,"column":24}},"type":"cond-expr","locations":[{"start":{"line":14,"column":8},"end":{"line":14,"column":29}},{"start":{"line":15,"column":8},"end":{"line":15,"column":24}}]}},"s":{"0":4,"1":4,"2":18,"3":16,"4":9,"5":9,"6":4},"f":{"0":18},"b":{"0":[3,6]}}
,"H:\\Rahul Prasad 01\\earn\\Saros\\dlmm-saros-sdk\\services\\index.ts": {"path":"H:\\Rahul Prasad 01\\earn\\Saros\\dlmm-saros-sdk\\services\\index.ts","statementMap":{"0":{"start":{"line":1,"column":0},"end":{"line":1,"column":22}}},"fnMap":{},"branchMap":{},"s":{"0":0},"f":{},"b":{}}
,"H:\\Rahul Prasad 01\\earn\\Saros\\dlmm-saros-sdk\\services\\swap.ts": {"path":"H:\\Rahul Prasad 01\\earn\\Saros\\dlmm-saros-sdk\\services\\swap.ts","statementMap":{"0":{"start":{"line":1,"column":0},"end":{"line":1,"column":60}},"1":{"start":{"line":4,"column":0},"end":{"line":4,"column":56}},"2":{"start":{"line":5,"column":0},"end":{"line":5,"column":null}},"3":{"start":{"line":12,"column":0},"end":{"line":12,"column":48}},"4":{"start":{"line":24,"column":4},"end":{"line":24,"column":19}},"5":{"start":{"line":25,"column":4},"end":{"line":25,"column":26}},"6":{"start":{"line":20,"column":9},"end":{"line":20,"column":52}},"7":{"start":{"line":21,"column":9},"end":{"line":21,"column":73}},"8":{"start":{"line":36,"column":4},"end":{"line":41,"column":5}},"9":{"start":{"line":40,"column":6},"end":{"line":40,"column":42}},"10":{"start":{"line":43,"column":4},"end":{"line":43,"column":19}},"11":{"start":{"line":45,"column":20},"end":{"line":50,"column":5}},"12":{"start":{"line":46,"column":6},"end":{"line":49,"column":9}},"13":{"start":{"line":47,"column":22},"end":{"line":47,"column":61}},"14":{"start":{"line":48,"column":8},"end":{"line":48,"column":31}},"15":{"start":{"line":52,"column":4},"end":{"line":52,"column":30}},"16":{"start":{"line":53,"column":4},"end":{"line":53,"column":29}},"17":{"start":{"line":54,"column":4},"end":{"line":54,"column":26}},"18":{"start":{"line":58,"column":16},"end":{"line":58,"column":32}},"19":{"start":{"line":59,"column":4},"end":{"line":59,"column":15}},"20":{"start":{"line":63,"column":4},"end":{"line":63,"column":36}},"21":{"start":{"line":76,"column":4},"end":{"line":76,"column":31}},"22":{"start":{"line":77,"column":4},"end":{"line":77,"column":33}},"23":{"start":{"line":78,"column":4},"end":{"line":78,"column":35}},"24":{"start":{"line":79,"column":4},"end":{"line":79,"column":33}},"25":{"start":{"line":80,"column":4},"end":{"line":80,"column":25}},"26":{"start":{"line":81,"column":4},"end":{"line":81,"column":29}},"27":{"start":{"line":85,"column":4},"end":{"line":85,"column":52}},"28":{"start":{"line":89,"column":36},"end":{"line":89,"column":42}},"29":{"start":{"line":91,"column":21},"end":{"line":98,"column":8}},"30":{"start":{"line":100,"column":4},"end":{"line":100,"column":20}},"31":{"start":{"line":104,"column":53},"end":{"line":104,"column":59}},"32":{"start":{"line":105,"column":4},"end":{"line":180,"column":5}},"33":{"start":{"line":107,"column":29},"end":{"line":107,"column":74}},"34":{"start":{"line":108,"column":6},"end":{"line":108,"column":55}},"35":{"start":{"line":108,"column":21},"end":{"line":108,"column":55}},"36":{"start":{"line":110,"column":35},"end":{"line":111,"column":null}},"37":{"start":{"line":113,"column":30},"end":{"line":117,"column":8}},"38":{"start":{"line":118,"column":32},"end":{"line":122,"column":null}},"39":{"start":{"line":119,"column":8},"end":{"line":122,"column":10}},"40":{"start":{"line":126,"column":36},"end":{"line":132,"column":null}},"41":{"start":{"line":129,"column":10},"end":{"line":131,"column":12}},"42":{"start":{"line":130,"column":12},"end":{"line":130,"column":71}},"43":{"start":{"line":136,"column":23},"end":{"line":139,"column":null}},"44":{"start":{"line":141,"column":26},"end":{"line":143,"column":74}},"45":{"start":{"line":143,"column":30},"end":{"line":143,"column":62}},"46":{"start":{"line":144,"column":6},"end":{"line":149,"column":7}},"47":{"start":{"line":145,"column":8},"end":{"line":148,"column":10}},"48":{"start":{"line":151,"column":37},"end":{"line":151,"column":43}},"49":{"start":{"line":153,"column":6},"end":{"line":177,"column":7}},"50":{"start":{"line":154,"column":26},"end":{"line":158,"column":null}},"51":{"start":{"line":161,"column":8},"end":{"line":164,"column":10}},"52":{"start":{"line":166,"column":25},"end":{"line":170,"column":null}},"53":{"start":{"line":173,"column":8},"end":{"line":176,"column":10}},"54":{"start":{"line":179,"column":6},"end":{"line":179,"column":39}},"55":{"start":{"line":192,"column":4},"end":{"line":242,"column":5}},"56":{"start":{"line":193,"column":21},"end":{"line":193,"column":30}},"57":{"start":{"line":194,"column":29},"end":{"line":194,"column":38}},"58":{"start":{"line":195,"column":26},"end":{"line":195,"column":32}},"59":{"start":{"line":196,"column":21},"end":{"line":196,"column":38}},"60":{"start":{"line":197,"column":25},"end":{"line":197,"column":26}},"61":{"start":{"line":199,"column":6},"end":{"line":199,"column":54}},"62":{"start":{"line":201,"column":6},"end":{"line":233,"column":7}},"63":{"start":{"line":202,"column":8},"end":{"line":202,"column":23}},"64":{"start":{"line":203,"column":8},"end":{"line":203,"column":61}},"65":{"start":{"line":205,"column":26},"end":{"line":205,"column":50}},"66":{"start":{"line":206,"column":8},"end":{"line":208,"column":9}},"67":{"start":{"line":207,"column":10},"end":{"line":207,"column":16}},"68":{"start":{"line":210,"column":20},"end":{"line":210,"column":46}},"69":{"start":{"line":216,"column":12},"end":{"line":225,"column":10}},"70":{"start":{"line":227,"column":8},"end":{"line":227,"column":37}},"71":{"start":{"line":228,"column":8},"end":{"line":228,"column":40}},"72":{"start":{"line":229,"column":8},"end":{"line":229,"column":46}},"73":{"start":{"line":231,"column":8},"end":{"line":231,"column":34}},"74":{"start":{"line":231,"column":28},"end":{"line":231,"column":34}},"75":{"start":{"line":232,"column":8},"end":{"line":232,"column":57}},"76":{"start":{"line":235,"column":6},"end":{"line":237,"column":7}},"77":{"start":{"line":236,"column":8},"end":{"line":236,"column":60}},"78":{"start":{"line":239,"column":6},"end":{"line":239,"column":22}},"79":{"start":{"line":241,"column":6},"end":{"line":241,"column":18}},"80":{"start":{"line":254,"column":4},"end":{"line":303,"column":5}},"81":{"start":{"line":255,"column":22},"end":{"line":255,"column":31}},"82":{"start":{"line":256,"column":29},"end":{"line":256,"column":38}},"83":{"start":{"line":257,"column":25},"end":{"line":257,"column":31}},"84":{"start":{"line":258,"column":21},"end":{"line":258,"column":38}},"85":{"start":{"line":259,"column":25},"end":{"line":259,"column":26}},"86":{"start":{"line":261,"column":6},"end":{"line":261,"column":54}},"87":{"start":{"line":263,"column":6},"end":{"line":295,"column":7}},"88":{"start":{"line":264,"column":8},"end":{"line":264,"column":23}},"89":{"start":{"line":265,"column":8},"end":{"line":265,"column":61}},"90":{"start":{"line":267,"column":26},"end":{"line":267,"column":50}},"91":{"start":{"line":268,"column":8},"end":{"line":270,"column":9}},"92":{"start":{"line":269,"column":10},"end":{"line":269,"column":16}},"93":{"start":{"line":272,"column":20},"end":{"line":272,"column":46}},"94":{"start":{"line":278,"column":12},"end":{"line":287,"column":10}},"95":{"start":{"line":289,"column":8},"end":{"line":289,"column":36}},"96":{"start":{"line":290,"column":8},"end":{"line":290,"column":41}},"97":{"start":{"line":291,"column":8},"end":{"line":291,"column":46}},"98":{"start":{"line":293,"column":8},"end":{"line":293,"column":33}},"99":{"start":{"line":293,"column":27},"end":{"line":293,"column":33}},"100":{"start":{"line":294,"column":8},"end":{"line":294,"column":57}},"101":{"start":{"line":296,"column":6},"end":{"line":298,"column":7}},"102":{"start":{"line":297,"column":8},"end":{"line":297,"column":60}},"103":{"start":{"line":300,"column":6},"end":{"line":300,"column":23}},"104":{"start":{"line":302,"column":6},"end":{"line":302,"column":18}},"105":{"start":{"line":325,"column":8},"end":{"line":325,"column":14}},"106":{"start":{"line":326,"column":32},"end":{"line":326,"column":53}},"107":{"start":{"line":327,"column":26},"end":{"line":327,"column":56}},"108":{"start":{"line":329,"column":4},"end":{"line":336,"column":5}},"109":{"start":{"line":330,"column":6},"end":{"line":335,"column":8}},"110":{"start":{"line":338,"column":32},"end":{"line":338,"column":64}},"111":{"start":{"line":340,"column":6},"end":{"line":340,"column":79}},"112":{"start":{"line":343,"column":18},"end":{"line":343,"column":57}},"113":{"start":{"line":345,"column":24},"end":{"line":346,"column":null}},"114":{"start":{"line":349,"column":31},"end":{"line":354,"column":null}},"115":{"start":{"line":357,"column":22},"end":{"line":357,"column":67}},"116":{"start":{"line":358,"column":21},"end":{"line":358,"column":51}},"117":{"start":{"line":359,"column":30},"end":{"line":361,"column":null}},"118":{"start":{"line":364,"column":4},"end":{"line":369,"column":6}},"119":{"start":{"line":391,"column":8},"end":{"line":391,"column":14}},"120":{"start":{"line":392,"column":32},"end":{"line":392,"column":53}},"121":{"start":{"line":393,"column":26},"end":{"line":393,"column":56}},"122":{"start":{"line":395,"column":4},"end":{"line":402,"column":5}},"123":{"start":{"line":396,"column":6},"end":{"line":401,"column":8}},"124":{"start":{"line":404,"column":32},"end":{"line":404,"column":64}},"125":{"start":{"line":407,"column":18},"end":{"line":407,"column":57}},"126":{"start":{"line":409,"column":24},"end":{"line":410,"column":null}},"127":{"start":{"line":414,"column":22},"end":{"line":419,"column":null}},"128":{"start":{"line":423,"column":25},"end":{"line":423,"column":63}},"129":{"start":{"line":424,"column":4},"end":{"line":424,"column":32}},"130":{"start":{"line":426,"column":20},"end":{"line":426,"column":29}},"131":{"start":{"line":427,"column":19},"end":{"line":427,"column":28}},"132":{"start":{"line":428,"column":20},"end":{"line":428,"column":29}},"133":{"start":{"line":430,"column":4},"end":{"line":447,"column":5}},"134":{"start":{"line":431,"column":6},"end":{"line":431,"column":31}},"135":{"start":{"line":432,"column":6},"end":{"line":432,"column":41}},"136":{"start":{"line":433,"column":6},"end":{"line":433,"column":38}},"137":{"start":{"line":435,"column":6},"end":{"line":435,"column":55}},"138":{"start":{"line":436,"column":6},"end":{"line":436,"column":42}},"139":{"start":{"line":437,"column":6},"end":{"line":443,"column":8}},"140":{"start":{"line":444,"column":6},"end":{"line":446,"column":7}},"141":{"start":{"line":445,"column":8},"end":{"line":445,"column":40}},"142":{"start":{"line":450,"column":6},"end":{"line":452,"column":19}},"143":{"start":{"line":454,"column":4},"end":{"line":459,"column":6}},"144":{"start":{"line":463,"column":4},"end":{"line":463,"column":65}},"145":{"start":{"line":464,"column":4},"end":{"line":465,"column":63}},"146":{"start":{"line":466,"column":4},"end":{"line":467,"column":56}},"147":{"start":{"line":469,"column":17},"end":{"line":469,"column":48}},"148":{"start":{"line":470,"column":27},"end":{"line":470,"column":67}},"149":{"start":{"line":472,"column":4},"end":{"line":486,"column":5}},"150":{"start":{"line":473,"column":24},"end":{"line":473,"column":61}},"151":{"start":{"line":475,"column":6},"end":{"line":483,"column":7}},"152":{"start":{"line":476,"column":8},"end":{"line":476,"column":36}},"153":{"start":{"line":478,"column":8},"end":{"line":482,"column":9}},"154":{"start":{"line":479,"column":10},"end":{"line":479,"column":39}},"155":{"start":{"line":481,"column":10},"end":{"line":481,"column":58}},"156":{"start":{"line":485,"column":6},"end":{"line":485,"column":44}},"157":{"start":{"line":488,"column":4},"end":{"line":488,"column":64}},"158":{"start":{"line":492,"column":4},"end":{"line":495,"column":13}},"159":{"start":{"line":499,"column":20},"end":{"line":499,"column":57}},"160":{"start":{"line":500,"column":34},"end":{"line":500,"column":76}},"161":{"start":{"line":503,"column":6},"end":{"line":503,"column":59}},"162":{"start":{"line":505,"column":4},"end":{"line":509,"column":5}},"163":{"start":{"line":506,"column":6},"end":{"line":506,"column":60}},"164":{"start":{"line":508,"column":6},"end":{"line":508,"column":57}},"165":{"start":{"line":513,"column":31},"end":{"line":514,"column":null}},"166":{"start":{"line":516,"column":4},"end":{"line":526,"column":5}},"167":{"start":{"line":517,"column":19},"end":{"line":518,"column":null}},"168":{"start":{"line":521,"column":8},"end":{"line":524,"column":38}},"169":{"start":{"line":525,"column":6},"end":{"line":525,"column":25}},"170":{"start":{"line":527,"column":4},"end":{"line":527,"column":30}},"171":{"start":{"line":531,"column":4},"end":{"line":531,"column":61}},"172":{"start":{"line":535,"column":24},"end":{"line":535,"column":47}},"173":{"start":{"line":536,"column":25},"end":{"line":536,"column":79}},"174":{"start":{"line":538,"column":4},"end":{"line":538,"column":24}},"175":{"start":{"line":543,"column":6},"end":{"line":543,"column":72}},"176":{"start":{"line":545,"column":4},"end":{"line":545,"column":21}},"177":{"start":{"line":549,"column":24},"end":{"line":549,"column":71}},"178":{"start":{"line":551,"column":4},"end":{"line":551,"column":23}},"179":{"start":{"line":555,"column":4},"end":{"line":560,"column":6}},"180":{"start":{"line":564,"column":4},"end":{"line":568,"column":5}},"181":{"start":{"line":565,"column":6},"end":{"line":565,"column":24}},"182":{"start":{"line":567,"column":6},"end":{"line":567,"column":24}},"183":{"start":{"line":588,"column":4},"end":{"line":602,"column":5}},"184":{"start":{"line":590,"column":6},"end":{"line":593,"column":59}},"185":{"start":{"line":596,"column":6},"end":{"line":601,"column":59}},"186":{"start":{"line":622,"column":4},"end":{"line":638,"column":5}},"187":{"start":{"line":625,"column":6},"end":{"line":630,"column":58}},"188":{"start":{"line":634,"column":6},"end":{"line":637,"column":58}},"189":{"start":{"line":67,"column":0},"end":{"line":67,"column":13}}},"fnMap":{"0":{"name":"(anonymous_0)","decl":{"start":{"line":23,"column":2},"end":{"line":23,"column":14}},"loc":{"start":{"line":23,"column":29},"end":{"line":26,"column":3}}},"1":{"name":"(anonymous_1)","decl":{"start":{"line":31,"column":2},"end":{"line":31,"column":null}},"loc":{"start":{"line":34,"column":26},"end":{"line":55,"column":3}}},"2":{"name":"(anonymous_2)","decl":{"start":{"line":45,"column":20},"end":{"line":45,"column":21}},"loc":{"start":{"line":45,"column":43},"end":{"line":50,"column":5}}},"3":{"name":"(anonymous_3)","decl":{"start":{"line":46,"column":28},"end":{"line":46,"column":29}},"loc":{"start":{"line":46,"column":43},"end":{"line":49,"column":7}}},"4":{"name":"(anonymous_4)","decl":{"start":{"line":57,"column":2},"end":{"line":57,"column":11}},"loc":{"start":{"line":57,"column":25},"end":{"line":60,"column":3}}},"5":{"name":"(anonymous_5)","decl":{"start":{"line":62,"column":2},"end":{"line":62,"column":12}},"loc":{"start":{"line":62,"column":12},"end":{"line":64,"column":3}}},"6":{"name":"(anonymous_6)","decl":{"start":{"line":75,"column":2},"end":{"line":75,"column":14}},"loc":{"start":{"line":75,"column":61},"end":{"line":82,"column":3}}},"7":{"name":"(anonymous_7)","decl":{"start":{"line":84,"column":2},"end":{"line":84,"column":8}},"loc":{"start":{"line":84,"column":69},"end":{"line":86,"column":3}}},"8":{"name":"(anonymous_8)","decl":{"start":{"line":88,"column":2},"end":{"line":88,"column":13}},"loc":{"start":{"line":88,"column":39},"end":{"line":101,"column":3}}},"9":{"name":"(anonymous_9)","decl":{"start":{"line":103,"column":9},"end":{"line":103,"column":14}},"loc":{"start":{"line":103,"column":64},"end":{"line":181,"column":3}}},"10":{"name":"(anonymous_10)","decl":{"start":{"line":118,"column":52},"end":{"line":118,"column":53}},"loc":{"start":{"line":119,"column":8},"end":{"line":122,"column":10}}},"11":{"name":"(anonymous_11)","decl":{"start":{"line":127,"column":30},"end":{"line":127,"column":31}},"loc":{"start":{"line":129,"column":10},"end":{"line":131,"column":12}}},"12":{"name":"(anonymous_12)","decl":{"start":{"line":129,"column":63},"end":{"line":129,"column":64}},"loc":{"start":{"line":129,"column":78},"end":{"line":131,"column":11}}},"13":{"name":"(anonymous_13)","decl":{"start":{"line":143,"column":16},"end":{"line":143,"column":17}},"loc":{"start":{"line":143,"column":30},"end":{"line":143,"column":62}}},"14":{"name":"(anonymous_14)","decl":{"start":{"line":186,"column":9},"end":{"line":186,"column":14}},"loc":{"start":{"line":190,"column":21},"end":{"line":243,"column":3}}},"15":{"name":"(anonymous_15)","decl":{"start":{"line":248,"column":9},"end":{"line":248,"column":14}},"loc":{"start":{"line":252,"column":21},"end":{"line":304,"column":3}}},"16":{"name":"(anonymous_16)","decl":{"start":{"line":306,"column":9},"end":{"line":306,"column":24}},"loc":{"start":{"line":315,"column":3},"end":{"line":370,"column":3}}},"17":{"name":"(anonymous_17)","decl":{"start":{"line":372,"column":9},"end":{"line":372,"column":23}},"loc":{"start":{"line":381,"column":3},"end":{"line":460,"column":3}}},"18":{"name":"(anonymous_18)","decl":{"start":{"line":462,"column":9},"end":{"line":462,"column":14}},"loc":{"start":{"line":462,"column":64},"end":{"line":489,"column":3}}},"19":{"name":"(anonymous_19)","decl":{"start":{"line":491,"column":9},"end":{"line":491,"column":34}},"loc":{"start":{"line":491,"column":49},"end":{"line":496,"column":3}}},"20":{"name":"(anonymous_20)","decl":{"start":{"line":498,"column":9},"end":{"line":498,"column":36}},"loc":{"start":{"line":498,"column":69},"end":{"line":510,"column":3}}},"21":{"name":"(anonymous_21)","decl":{"start":{"line":512,"column":9},"end":{"line":512,"column":23}},"l
[...]
tart":{"line":206,"column":6},"end":{"line":206,"column":28}},"type":"if","locations":[{"start":{"line":206,"column":6},"end":{"line":206,"column":28}},{"start":{},"end":{}}]},"25":{"loc":{"start":{"line":207,"column":6},"end":{"line":211,"column":7}},"type":"if","locations":[{"start":{"line":207,"column":6},"end":{"line":211,"column":7}},{"start":{},"end":{}}]},"26":{"loc":{"start":{"line":207,"column":10},"end":{"line":207,"column":49}},"type":"binary-expr","locations":[{"start":{"line":207,"column":10},"end":{"line":207,"column":23}},{"start":{"line":207,"column":27},"end":{"line":207,"column":49}}]},"27":{"loc":{"start":{"line":208,"column":15},"end":{"line":210,"column":48}},"type":"cond-expr","locations":[{"start":{"line":209,"column":12},"end":{"line":209,"column":48}},{"start":{"line":210,"column":12},"end":{"line":210,"column":48}}]},"28":{"loc":{"start":{"line":212,"column":13},"end":{"line":212,"column":77}},"type":"cond-expr","locations":[{"start":{"line":212,"column":26},"end":{"line":212,"column":50}},{"start":{"line":212,"column":53},"end":{"line":212,"column":77}}]},"29":{"loc":{"start":{"line":234,"column":2},"end":{"line":236,"column":3}},"type":"if","locations":[{"start":{"line":234,"column":2},"end":{"line":236,"column":3}},{"start":{},"end":{}}]},"30":{"loc":{"start":{"line":243,"column":2},"end":{"line":287,"column":3}},"type":"if","locations":[{"start":{"line":243,"column":2},"end":{"line":287,"column":3}},{"start":{},"end":{}}]},"31":{"loc":{"start":{"line":247,"column":4},"end":{"line":257,"column":5}},"type":"if","locations":[{"start":{"line":247,"column":4},"end":{"line":257,"column":5}},{"start":{},"end":{}}]},"32":{"loc":{"start":{"line":254,"column":23},"end":{"line":254,"column":49}},"type":"cond-expr","locations":[{"start":{"line":254,"column":33},"end":{"line":254,"column":45}},{"start":{"line":254,"column":48},"end":{"line":254,"column":49}}]},"33":{"loc":{"start":{"line":255,"column":23},"end":{"line":255,"column":49}},"type":"cond-expr","locations":[{"start":{"line":255,"column":33},"end":{"line":255,"column":45}},{"start":{"line":255,"column":48},"end":{"line":255,"column":49}}]},"34":{"loc":{"start":{"line":263,"column":6},"end":{"line":263,"column":43}},"type":"if","locations":[{"start":{"line":263,"column":6},"end":{"line":263,"column":43}},{"start":{},"end":{}}]},"35":{"loc":{"start":{"line":267,"column":6},"end":{"line":268,"column":58}},"type":"if","locations":[{"start":{"line":267,"column":6},"end":{"line":268,"column":58}},{"start":{},"end":{}}]},"36":{"loc":{"start":{"line":273,"column":6},"end":{"line":273,"column":43}},"type":"if","locations":[{"start":{"line":273,"column":6},"end":{"line":273,"column":43}},{"start":{},"end":{}}]},"37":{"loc":{"start":{"line":277,"column":6},"end":{"line":278,"column":58}},"type":"if","locations":[{"start":{"line":277,"column":6},"end":{"line":278,"column":58}},{"start":{},"end":{}}]},"38":{"loc":{"start":{"line":289,"column":2},"end":{"line":291,"column":3}},"type":"if","locations":[{"start":{"line":289,"column":2},"end":{"line":291,"column":3}},{"start":{},"end":{}}]},"39":{"loc":{"start":{"line":293,"column":2},"end":{"line":447,"column":3}},"type":"if","locations":[{"start":{"line":293,"column":2},"end":{"line":447,"column":3}},{"start":{},"end":{}}]},"40":{"loc":{"start":{"line":306,"column":4},"end":{"line":371,"column":5}},"type":"if","locations":[{"start":{"line":306,"column":4},"end":{"line":371,"column":5}},{"start":{"line":320,"column":11},"end":{"line":371,"column":5}}]},"41":{"loc":{"start":{"line":320,"column":11},"end":{"line":371,"column":5}},"type":"if","locations":[{"start":{"line":320,"column":11},"end":{"line":371,"column":5}},{"start":{"line":333,"column":11},"end":{"line":371,"column":5}}]},"42":{"loc":{"start":{"line":348,"column":8},"end":{"line":352,"column":70}},"type":"cond-expr","locations":[{"start":{"line":349,"column":12},"end":{"line":349,"column":13}},{"start":{"line":350,"column":12},"end":{"line":352,"column":70}}]},"43":{"loc":{"start":{"line":350,"column":12},"end":{"line":352,"column":70}},"type":"cond-expr","locations":[{"start":{"line":351,"column":12},"end":{"line":351,"column":13}},{"start":{"line":352,"column":12},"end":{"line":352,"column":70}}]},"44":{"loc":{"start":{"line":350,"column":12},"end":{"line":350,"column":70}},"type":"binary-expr","locations":[{"start":{"line":350,"column":12},"end":{"line":350,"column":41}},{"start":{"line":350,"column":45},"end":{"line":350,"column":70}}]},"45":{"loc":{"start":{"line":361,"column":8},"end":{"line":365,"column":44}},"type":"cond-expr","locations":[{"start":{"line":362,"column":12},"end":{"line":362,"column":13}},{"start":{"line":363,"column":12},"end":{"line":365,"column":44}}]},"46":{"loc":{"start":{"line":363,"column":12},"end":{"line":365,"column":44}},"type":"cond-expr","locations":[{"start":{"line":364,"column":12},"end":{"line":364,"column":13}},{"start":{"line":365,"column":12},"end":{"line":365,"column":44}}]},"47":{"loc":{"start":{"line":386,"column":4},"end":{"line":419,"column":5}},"type":"if","locations":[{"start":{"line":386,"column":4},"end":{"line":419,"column":5}},{"start":{},"end":{}}]},"48":{"loc":{"start":{"line":386,"column":8},"end":{"line":386,"column":49}},"type":"binary-expr","locations":[{"start":{"line":386,"column":8},"end":{"line":386,"column":18}},{"start":{"line":386,"column":22},"end":{"line":386,"column":49}}]},"49":{"loc":{"start":{"line":393,"column":8},"end":{"line":393,"column":30}},"type":"if","locations":[{"start":{"line":393,"column":8},"end":{"line":393,"column":30}},{"start":{},"end":{}}]},"50":{"loc":{"start":{"line":394,"column":15},"end":{"line":394,"column":79}},"type":"cond-expr","locations":[{"start":{"line":394,"column":28},"end":{"line":394,"column":52}},{"start":{"line":394,"column":55},"end":{"line":394,"column":79}}]},"51":{"loc":{"start":{"line":397,"column":6},"end":{"line":418,"column":7}},"type":"if","locations":[{"start":{"line":397,"column":6},"end":{"line":418,"column":7}},{"start":{},"end":{}}]},"52":{"loc":{"start":{"line":398,"column":8},"end":{"line":417,"column":9}},"type":"if","locations":[{"start":{"line":398,"column":8},"end":{"line":417,"column":9}},{"start":{"line":407,"column":15},"end":{"line":417,"column":9}}]},"53":{"loc":{"start":{"line":400,"column":12},"end":{"line":400,"column":34}},"type":"if","locations":[{"start":{"line":400,"column":12},"end":{"line":400,"column":34}},{"start":{},"end":{}}]},"54":{"loc":{"start":{"line":401,"column":12},"end":{"line":404,"column":13}},"type":"if","locations":[{"start":{"line":401,"column":12},"end":{"line":404,"column":13}},{"start":{},"end":{}}]},"55":{"loc":{"start":{"line":409,"column":12},"end":{"line":409,"column":34}},"type":"if","locations":[{"start":{"line":409,"column":12},"end":{"line":409,"column":34}},{"start":{},"end":{}}]},"56":{"loc":{"start":{"line":410,"column":12},"end":{"line":413,"column":13}},"type":"if","locations":[{"start":{"line":410,"column":12},"end":{"line":413,"column":13}},{"start":{},"end":{}}]},"57":{"loc":{"start":{"line":421,"column":4},"end":{"line":436,"column":5}},"type":"if","locations":[{"start":{"line":421,"column":4},"end":{"line":436,"column":5}},{"start":{},"end":{}}]},"58":{"loc":{"start":{"line":421,"column":8},"end":{"line":421,"column":49}},"type":"binary-expr","locations":[{"start":{"line":421,"column":8},"end":{"line":421,"column":18}},{"start":{"line":421,"column":22},"end":{"line":421,"column":49}}]},"59":{"loc":{"start":{"line":428,"column":8},"end":{"line":428,"column":30}},"type":"if","locations":[{"start":{"line":428,"column":8},"end":{"line":428,"column":30}},{"start":{},"end":{}}]},"60":{"loc":{"start":{"line":429,"column":8},"end":{"line":433,"column":9}},"type":"if","locations":[{"start":{"line":429,"column":8},"end":{"line":433,"column":9}},{"start":{},"end":{}}]},"61":{"loc":{"start":{"line":429,"column":12},"end":{"line":429,"column":38}},"type":"binary-expr","locations":[{"start":{"line":429,"column":12},"end":{"line":429,"column":25}},{"start":{"line":429,"column":29},"end":{"line":429,"column":38}}]},"62":{"loc":{"start":{"line":430,"column":17},"end":{"line":432,"column":50}},"type":"cond-expr","locations":[{"start":{"line":431,"column":14},"end":{"line":431,"column":50}},{"start":{"line":432,"column":14},"end":{"line":432,"column":50}}]},"63":{"loc":{"start":{"line":434,"column":15},"end":{"line":434,"column":79}},"type":"cond-expr","locations":[{"start":{"line":434,"column":28},"end":{"line":434,"column":52}},{"start":{"line":434,"column":55},"end":{"line":434,"column":79}}]},"64":{"loc":{"start":{"line":478,"column":2},"end":{"line":480,"column":3}},"type":"if","locations":[{"start":{"line":478,"column":2},"end":{"line":480,"column":3}},{"start":{},"end":{}}]},"65":{"loc":{"start":{"line":509,"column":44},"end":{"line":509,"column":65}},"type":"default-arg","locations":[{"start":{"line":509,"column":56},"end":{"line":509,"column":65}}]},"66":{"loc":{"start":{"line":514,"column":9},"end":{"line":514,"column":75}},"type":"binary-expr","locations":[{"start":{"line":514,"column":9},"end":{"line":514,"column":40}},{"start":{"line":514,"column":44},"end":{"line":514,"column":75}}]},"67":{"loc":{"start":{"line":530,"column":8},"end":{"line":532,"column":30}},"type":"cond-expr","locations":[{"start":{"line":531,"column":12},"end":{"line":531,"column":55}},{"start":{"line":532,"column":12},"end":{"line":532,"column":30}}]}},"s":{"0":3,"1":3,"2":3,"3":3,"4":3,"5":1,"6":1,"7":1,"8":1,"9":1,"10":1,"11":1,"12":1,"13":0,"14":0,"15":0,"16":0,"17":0,"18":0,"19":0,"20":0,"21":0,"22":0,"23":0,"24":0,"25":1,"26":1,"27":1,"28":101,"29":1,"30":1,"31":0,"32":1,"33":1,"34":1,"35":1,"36":1,"37":101,"38":0,"39":0,"40":0,"41":0,"42":0,"43":0,"44":0,"45":0,"46":0,"47":0,"48":0,"49":0,"50":0,"51":0,"52":0,"53":0,"54":0,"55":1,"56":101,"57":1,"58":101,"59":1,"60":101,"61":1,"62":101,"63":1,"64":1,"65":1,"66":1,"67":101,"68":1,"69":1,"70":101,"71":0,"72":101,"73":1,"74":1,"75":1,"76":1,"77":101,"78":0,"79":101,"80":10,"81":10,"82":91,"83":0,"84":0,"85":0,"86":0,"87":0,"88":0,"89":0,"90":0,"91":1,"92":0,"93":0,"94":0,"95":0,"96":0,"97":0,"98":0,"99":0,"100":0,"101":0,"102":0,"103":1,"104":101,"105":1,"106":3,"107":3,"108":3,"109":0,"110":3,"111":303,"112":3,"113":1,"114":1,"115":101,"116":1,"117":1,"118":1,"119":1,"120":1,"121":101,"122":0,"123":0,"124":0,"125":0,"126":0,"127":0,"128":0,"129":0,"130":0,"131":0,"132":0,"133":0,"134":0,"135":0,"136":0,"137":0,"138":0,"139":0,"140":2,"141":1,"142":1,"143":1,"144":1,"145":1,"146":1,"147":1,"148":0,"149":0,"150":0,"151":0,"152":0,"153":0,"154":0,"155":0,"156":1,"157":1,"158":1,"159":101,"160":1,"161":1,"162":1,"163":101,"164":1,"165":0,"166":0,"167":0,"168":0,"169":0,"170":0,"171":0,"172":0,"173":0,"174":0,"175":0,"176":0,"177":0,"178":1,"179":101,"180":1,"181":101,"182":1,"183":101,"184":1,"185":101,"186":1,"187":1,"188":1,"189":1,"190":101,"191":1,"192":1,"193":101,"194":0,"195":101,"196":1,"197":1,"198":1,"199":1,"200":101,"201":0,"202":101,"203":80,"204":80,"205":21,"206":0,"207":0,"208":0,"209":0,"210":0,"211":0,"212":0,"213":0,"214":1,"215":0,"216":0,"217":0,"218":0,"219":0,"220":0,"221":0,"222":0,"223":0,"224":0,"225":0,"226":1,"227":101,"228":1,"229":0,"230":3,"231":3,"232":3,"233":3,"234":22,"235":3,"236":3,"237":3,"238":1,"239":1,"240":1,"241":0,"242":1,"243":1,"244":1,"245":1,"246":1,"247":3,"248":3,"249":2,"250":2,"251":2,"252":2,"253":3,"254":3,"255":2,"256":1,"257":1,"258":3,"259":3,"260":1,"261":1,"262":1,"263":1,"264":0,"265":1,"266":1,"267":2,"268":2,"269":1,"270":1,"271":1,"272":0,"273":3},"f":{"0":1,"1":1,"2":0,"3":0,"4":101,"5":101,"6":0,"7":0,"8":0,"9":0,"10":101,"11":101,"12":101,"13":101,"14":101,"15":101,"16":101,"17":0,"18":0,"19":0,"20":101,"21":3,"22":303,"23":101,"24":101,"25":0,"26":0,"27":0,"28":0,"29":0,"30":101,"31":101,"32":0,"33":0,"34":0,"35":0,"36":101,"37":101,"38":101,"39":101,"40":101,"41":101,"42":101,"43":0,"44":0,"45":0,"46":101,"47":3,"48":22,"49":1,"50":1,"51":2,"52":2,"53":1,"54":1,"55":1,"56":0,"57":2,"58":2},"b":{"0":[1,0],"1":[0,0],"2":[0,0],"3":[0,0],"4":[0,0],"5":[0,0],"6":[0,1],"7":[0,0],"8":[1,0],"9":[0,1],"10":[0,0],"11":[0,0],"12":[1,0],"13":[1,1],"14":[0,101],"15":[0,101],"16":[1,0],"17":[1,0],"18":[0,101],"19":[10,91],"20":[0,0],"21":[0,0],"22":[0,1],"23":[1,0],"24":[0,0],"25":[0,0],"26":[0,0],"27":[0,0],"28":[0,0],"29":[0,3],"30":[1,2],"31":[1,0],"32":[101,0],"33":[0,101],"34":[0,0],"35":[0,0],"36":[0,0],"37":[0,0],"38":[1,1],"39":[1,0],"40":[0,1],"41":[1,0],"42":[0,0],"43":[0,0],"44":[0,0],"45":[0,0],"46":[0,0],"47":[1,0],"48":[1,1],"49":[0,101],"50":[0,101],"51":[1,0],"52":[1,0],"53":[0,101],"54":[80,21],"55":[0,0],"56":[0,0],"57":[0,1],"58":[1,0],"59":[0,0],"60":[0,0],"61":[0,0],"62":[0,0],"63":[0,0],"64":[0,1],"65":[1],"66":[1,1],"67":[1,0]}}
,"H:\\Rahul Prasad 01\\earn\\Saros\\dlmm-saros-sdk\\utils\\math.ts": {"path":"H:\\Rahul Prasad 01\\earn\\Saros\\dlmm-saros-sdk\\utils\\math.ts","statementMap":{"0":{"start":{"line":1,"column":22},"end":{"line":11,"column":1}},"1":{"start":{"line":2,"column":2},"end":{"line":4,"column":3}},"2":{"start":{"line":3,"column":4},"end":{"line":3,"column":40}},"3":{"start":{"line":7,"column":19},"end":{"line":7,"column":42}},"4":{"start":{"line":8,"column":20},"end":{"line":8,"column":43}},"5":{"start":{"line":10,"column":2},"end":{"line":10,"column":31}},"6":{"start":{"line":1,"column":13},"end":{"line":1,"column":22}},"7":{"start":{"line":14,"column":22},"end":{"line":30,"column":1}},"8":{"start":{"line":20,"column":15},"end":{"line":20,"column":20}},"9":{"start":{"line":22,"column":2},"end":{"line":24,"column":3}},"10":{"start":{"line":23,"column":4},"end":{"line":23,"column":null}},"11":{"start":{"line":26,"column":2},"end":{"line":29,"column":3}},"12":{"start":{"line":27,"column":23},"end":{"line":27,"column":48}},"13":{"start":{"line":28,"column":4},"end":{"line":28,"column":null}},"14":{"start":{"line":14,"column":13},"end":{"line":14,"column":22}},"15":{"start":{"line":32,"column":22},"end":{"line":40,"column":1}},"16":{"start":{"line":38,"column":22},"end":{"line":38,"column":33}},"17":{"start":{"line":39,"column":2},"end":{"line":39,"column":null}},"18":{"start":{"line":32,"column":13},"end":{"line":32,"column":22}},"19":{"start":{"line":43,"column":22},"end":{"line":51,"column":1}},"20":{"start":{"line":49,"column":16},"end":{"line":49,"column":27}},"21":{"start":{"line":50,"column":2},"end":{"line":50,"column":null}},"22":{"start":{"line":43,"column":13},"end":{"line":43,"column":22}}},"fnMap":{"0":{"name":"(anonymous_0)","decl":{"start":{"line":1,"column":22},"end":{"line":1,"column":23}},"loc":{"start":{"line":1,"column":65},"end":{"line":11,"column":1}}},"1":{"name":"(anonymous_1)","decl":{"start":{"line":14,"column":22},"end":{"line":14,"column":null}},"loc":{"start":{"line":19,"column":4},"end":{"line":30,"column":1}}},"2":{"name":"(anonymous_2)","decl":{"start":{"line":32,"column":22},"end":{"line":32,"column":null}},"loc":{"start":{"line":37,"column":4},"end":{"line":40,"column":1}}},"3":{"name":"(anonymous_3)","decl":{"start":{"line":43,"column":22},"end":{"line":43,"column":null}},"loc":{"start":{"line":48,"column":4},"end":{"line":51,"column":1}}}},"branchMap":{"0":{"loc":{"start":{"line":2,"column":2},"end":{"line":4,"column":3}},"type":"if","locations":[{"start":{"line":2,"column":2},"end":{"line":4,"column":3}},{"start":{},"end":{}}]},"1":{"loc":{"start":{"line":22,"column":2},"end":{"line":24,"column":3}},"type":"if","locations":[{"start":{"line":22,"column":2},"end":{"line":24,"column":3}},{"start":{},"end":{}}]},"2":{"loc":{"start":{"line":26,"column":2},"end":{"line":29,"column":3}},"type":"if","locations":[{"start":{"line":26,"column":2},"end":{"line":29,"column":3}},{"start":{},"end":{}}]}},"s":{"0":6,"1":28,"2":3,"3":25,"4":25,"5":25,"6":6,"7":6,"8":24,"9":24,"10":5,"11":19,"12":19,"13":18,"14":6,"15":6,"16":4,"17":4,"18":6,"19":6,"20":2,"21":2,"22":6},"f":{"0":28,"1":24,"2":4,"3":2},"b":{"0":[3,25],"1":[5,19],"2":[19,0]}}
,"H:\\Rahul Prasad 01\\earn\\Saros\\dlmm-saros-sdk\\utils\\price.ts": {"path":"H:\\Rahul Prasad 01\\earn\\Saros\\dlmm-saros-sdk\\utils\\price.ts","statementMap":{"0":{"start":{"line":1,"column":0},"end":{"line":1,"column":72}},"1":{"start":{"line":3,"column":16},"end":{"line":17,"column":1}},"2":{"start":{"line":4,"column":19},"end":{"line":4,"column":42}},"3":{"start":{"line":5,"column":2},"end":{"line":5,"column":null}},"4":{"start":{"line":5,"column":20},"end":{"line":5,"column":null}},"5":{"start":{"line":7,"column":30},"end":{"line":7,"column":45}},"6":{"start":{"line":10,"column":2},"end":{"line":10,"column":null}},"7":{"start":{"line":10,"column":33},"end":{"line":10,"column":null}},"8":{"start":{"line":11,"column":19},"end":{"line":11,"column":49}},"9":{"start":{"line":13,"column":20},"end":{"line":13,"column":23}},"10":{"start":{"line":14,"column":17},"end":{"line":14,"column":37}},"11":{"start":{"line":16,"column":2},"end":{"line":16,"column":null}},"12":{"start":{"line":19,"column":30},"end":{"line":30,"column":1}},"13":{"start":{"line":25,"column":15},"end":{"line":25,"column":42}},"14":{"start":{"line":26,"column":19},"end":{"line":26,"column":37}},"15":{"start":{"line":27,"column":21},"end":{"line":27,"column":71}},"16":{"start":{"line":29,"column":2},"end":{"line":29,"column":null}},"17":{"start":{"line":19,"column":13},"end":{"line":19,"column":30}},"18":{"start":{"line":32,"column":30},"end":{"line":49,"column":1}},"19":{"start":{"line":38,"column":2},"end":{"line":38,"column":null}},"20":{"start":{"line":38,"column":18},"end":{"line":38,"column":null}},"21":{"start":{"line":39,"column":2},"end":{"line":40,"column":null}},"22":{"start":{"line":40,"column":4},"end":{"line":40,"column":null}},"23":{"start":{"line":42,"column":21},"end":{"line":42,"column":71}},"24":{"start":{"line":44,"column":15},"end":{"line":44,"column":44}},"25":{"start":{"line":45,"column":19},"end":{"line":45,"column":64}},"26":{"start":{"line":46,"column":16},"end":{"line":46,"column":48}},"27":{"start":{"line":48,"column":2},"end":{"line":48,"column":null}},"28":{"start":{"line":32,"column":13},"end":{"line":32,"column":30}}},"fnMap":{"0":{"name":"(anonymous_0)","decl":{"start":{"line":3,"column":16},"end":{"line":3,"column":17}},"loc":{"start":{"line":3,"column":36},"end":{"line":17,"column":1}}},"1":{"name":"(anonymous_1)","decl":{"start":{"line":19,"column":30},"end":{"line":19,"column":null}},"loc":{"start":{"line":24,"column":4},"end":{"line":30,"column":1}}},"2":{"name":"(anonymous_2)","decl":{"start":{"line":32,"column":30},"end":{"line":32,"column":null}},"loc":{"start":{"line":37,"column":12},"end":{"line":49,"column":1}}}},"branchMap":{"0":{"loc":{"start":{"line":5,"column":2},"end":{"line":5,"column":null}},"type":"if","locations":[{"start":{"line":5,"column":2},"end":{"line":5,"column":null}},{"start":{},"end":{}}]},"1":{"loc":{"start":{"line":10,"column":2},"end":{"line":10,"column":null}},"type":"if","locations":[{"start":{"line":10,"column":2},"end":{"line":10,"column":null}},{"start":{},"end":{}}]},"2":{"loc":{"start":{"line":38,"column":2},"end":{"line":38,"column":null}},"type":"if","locations":[{"start":{"line":38,"column":2},"end":{"line":38,"column":null}},{"start":{},"end":{}}]},"3":{"loc":{"start":{"line":39,"column":2},"end":{"line":40,"column":null}},"type":"if","locations":[{"start":{"line":39,"column":2},"end":{"line":40,"column":null}},{"start":{},"end":{}}]},"4":{"loc":{"start":{"line":39,"column":6},"end":{"line":39,"column":47}},"type":"binary-expr","locations":[{"start":{"line":39,"column":6},"end":{"line":39,"column":18}},{"start":{"line":39,"column":22},"end":{"line":39,"column":47}}]}},"s":{"0":5,"1":5,"2":20,"3":20,"4":0,"5":20,"6":20,"7":0,"8":20,"9":20,"10":20,"11":20,"12":5,"13":20,"14":20,"15":20,"16":20,"17":5,"18":5,"19":15,"20":4,"21":11,"22":5,"23":6,"24":6,"25":6,"26":6,"27":6,"28":5},"f":{"0":20,"1":20,"2":15},"b":{"0":[0,20],"1":[0,20],"2":[4,11],"3":[5,6],"4":[11,8]}}
}
