TN:
SF:constants\config.ts
FNF:0
FNH:0
DA:1,7
DA:3,7
DA:15,7
DA:16,7
DA:17,7
DA:18,7
DA:19,7
DA:20,7
DA:21,7
DA:22,7
DA:23,7
DA:24,7
DA:25,7
DA:26,7
DA:27,7
DA:28,7
DA:29,7
DA:30,7
DA:31,7
DA:32,7
DA:33,7
DA:34,7
DA:36,7
DA:37,7
DA:38,7
DA:39,7
DA:41,7
LF:27
LH:27
BRF:0
BRH:0
end_of_record
TN:
SF:constants\index.ts
FNF:0
FNH:0
DA:1,0
LF:1
LH:0
BRF:0
BRH:0
end_of_record
TN:
SF:services\core.ts
FN:54,(anonymous_10)
FN:58,(anonymous_11)
FN:65,(anonymous_12)
FN:72,(anonymous_13)
FN:77,(anonymous_14)
FN:82,(anonymous_15)
FN:109,(anonymous_16)
FN:146,(anonymous_17)
FN:163,(anonymous_18)
FN:166,(anonymous_19)
FN:219,(anonymous_20)
FN:326,(anonymous_21)
FN:381,(anonymous_22)
FN:432,(anonymous_23)
FN:456,(anonymous_24)
FN:531,(anonymous_25)
FN:601,(anonymous_26)
FN:611,(anonymous_27)
FN:689,(anonymous_28)
FN:700,(anonymous_29)
FN:710,(anonymous_30)
FN:719,(anonymous_31)
FN:828,(anonymous_32)
FN:854,(anonymous_33)
FN:868,(anonymous_34)
FN:1072,(anonymous_35)
FN:1121,(anonymous_36)
FN:1163,(anonymous_37)
FN:1167,(anonymous_38)
FN:1171,(anonymous_39)
FN:1175,(anonymous_40)
FN:1198,(anonymous_41)
FN:1212,(anonymous_42)
FN:1222,(anonymous_43)
FN:1227,(anonymous_44)
FN:1230,(anonymous_45)
FN:1254,(anonymous_46)
FN:1278,(anonymous_47)
FN:1298,(anonymous_48)
FN:1306,(anonymous_49)
FN:1332,(anonymous_50)
FN:1371,(anonymous_51)
FN:1401,(anonymous_52)
FN:1407,(anonymous_53)
FN:1414,(anonymous_54)
FN:1425,(anonymous_55)
FN:1437,(anonymous_56)
FN:1450,(anonymous_57)
FN:1458,(anonymous_58)
FNF:49
FNH:5
FNDA:53,(anonymous_10)
FNDA:0,(anonymous_11)
FNDA:0,(anonymous_12)
FNDA:7,(anonymous_13)
FNDA:0,(anonymous_14)
FNDA:3,(anonymous_15)
FNDA:0,(anonymous_16)
FNDA:0,(anonymous_17)
FNDA:0,(anonymous_18)
FNDA:0,(anonymous_19)
FNDA:0,(anonymous_20)
FNDA:0,(anonymous_21)
FNDA:0,(anonymous_22)
FNDA:0,(anonymous_23)
FNDA:0,(anonymous_24)
FNDA:0,(anonymous_25)
FNDA:0,(anonymous_26)
FNDA:0,(anonymous_27)
FNDA:0,(anonymous_28)
FNDA:0,(anonymous_29)
FNDA:0,(anonymous_30)
FNDA:0,(anonymous_31)
FNDA:1,(anonymous_32)
FNDA:3,(anonymous_33)
FNDA:0,(anonymous_34)
FNDA:0,(anonymous_35)
FNDA:0,(anonymous_36)
FNDA:0,(anonymous_37)
FNDA:0,(anonymous_38)
FNDA:0,(anonymous_39)
FNDA:0,(anonymous_40)
FNDA:0,(anonymous_41)
FNDA:0,(anonymous_42)
FNDA:0,(anonymous_43)
FNDA:0,(anonymous_44)
FNDA:0,(anonymous_45)
FNDA:0,(anonymous_46)
FNDA:0,(anonymous_47)
FNDA:0,(anonymous_48)
FNDA:0,(anonymous_49)
FNDA:0,(anonymous_50)
FNDA:0,(anonymous_51)
FNDA:0,(anonymous_52)
FNDA:0,(anonymous_53)
FNDA:0,(anonymous_54)
FNDA:0,(anonymous_55)
FNDA:0,(anonymous_56)
FNDA:0,(anonymous_57)
FNDA:0,(anonymous_58)
DA:1,2
DA:8,2
DA:9,2
DA:20,2
DA:21,2
DA:22,2
DA:23,2
DA:24,2
DA:25,2
DA:44,2
DA:45,2
DA:46,2
DA:47,2
DA:48,2
DA:49,2
DA:50,2
DA:52,2
DA:55,53
DA:59,0
DA:60,0
DA:62,0
DA:66,0
DA:67,0
DA:69,0
DA:74,7
DA:79,0
DA:83,3
DA:85,3
DA:94,3
DA:95,0
DA:97,0
DA:98,0
DA:102,0
DA:106,3
DA:110,0
DA:111,0
DA:112,0
DA:114,0
DA:120,0
DA:121,0
DA:122,0
DA:128,0
DA:130,0
DA:132,0
DA:138,0
DA:139,0
DA:140,0
DA:143,0
DA:149,0
DA:150,0
DA:151,0
DA:152,0
DA:154,0
DA:160,0
DA:161,0
DA:163,0
DA:166,0
DA:167,0
DA:168,0
DA:170,0
DA:171,0
DA:173,0
DA:175,0
DA:178,0
DA:188,0
DA:197,0
DA:206,0
DA:216,0
DA:220,0
DA:222,0
DA:223,0
DA:225,0
DA:232,0
DA:234,0
DA:235,0
DA:238,0
DA:240,0
DA:249,0
DA:258,0
DA:269,0
DA:282,0
DA:284,0
DA:293,0
DA:302,0
DA:307,0
DA:309,0
DA:314,0
DA:316,0
DA:335,0
DA:337,0
DA:345,0
DA:352,0
DA:358,0
DA:364,0
DA:376,0
DA:378,0
DA:392,0
DA:394,0
DA:396,0
DA:400,0
DA:405,0
DA:410,0
DA:415,0
DA:420,0
DA:425,0
DA:429,0
DA:431,0
DA:432,0
DA:433,0
DA:434,0
DA:437,0
DA:438,0
DA:440,0
DA:444,0
DA:451,0
DA:455,0
DA:456,0
DA:459,0
DA:464,0
DA:473,0
DA:481,0
DA:488,0
DA:517,0
DA:522,0
DA:528,0
DA:535,0
DA:537,0
DA:538,0
DA:540,0
DA:542,0
DA:549,0
DA:556,0
DA:562,0
DA:568,0
DA:577,0
DA:583,0
DA:587,0
DA:589,0
DA:597,0
DA:600,0
DA:601,0
DA:604,0
DA:609,0
DA:610,0
DA:612,0
DA:614,0
DA:620,0
DA:626,0
DA:632,0
DA:633,0
DA:638,0
DA:644,0
DA:651,0
DA:659,0
DA:668,0
DA:677,0
DA:686,0
DA:688,0
DA:689,0
DA:690,0
DA:691,0
DA:692,0
DA:695,0
DA:699,0
DA:700,0
DA:701,0
DA:702,0
DA:705,0
DA:709,0
DA:710,0
DA:711,0
DA:712,0
DA:715,0
DA:719,0
DA:720,0
DA:728,0
DA:732,0
DA:733,0
DA:757,0
DA:758,0
DA:760,0
DA:792,0
DA:795,0
DA:799,0
DA:801,0
DA:805,0
DA:807,0
DA:811,0
DA:816,0
DA:839,1
DA:841,1
DA:842,1
DA:844,1
DA:846,1
DA:852,1
DA:855,3
DA:863,1
DA:867,0
DA:868,0
DA:871,0
DA:872,0
DA:877,0
DA:878,0
DA:880,0
DA:881,0
DA:882,0
DA:886,0
DA:892,0
DA:898,0
DA:903,0
DA:904,0
DA:910,0
DA:917,0
DA:924,0
DA:931,0
DA:938,0
DA:942,0
DA:943,0
DA:951,0
DA:954,0
DA:958,0
DA:959,0
DA:967,0
DA:988,0
DA:992,0
DA:994,0
DA:998,0
DA:999,0
DA:1006,0
DA:1009,0
DA:1010,0
DA:1017,0
DA:1021,0
DA:1051,0
DA:1053,0
DA:1057,0
DA:1059,0
DA:1062,0
DA:1063,0
DA:1069,0
DA:1075,0
DA:1076,0
DA:1080,0
DA:1082,0
DA:1083,0
DA:1084,0
DA:1085,0
DA:1086,0
DA:1087,0
DA:1091,0
DA:1095,0
DA:1103,0
DA:1109,0
DA:1117,0
DA:1128,0
DA:1129,0
DA:1130,0
DA:1131,0
DA:1132,0
DA:1133,0
DA:1137,0
DA:1138,0
DA:1139,0
DA:1146,0
DA:1147,0
DA:1148,0
DA:1157,0
DA:1160,0
DA:1164,0
DA:1168,0
DA:1172,0
DA:1173,0
DA:1174,0
DA:1175,0
DA:1177,0
DA:1181,0
DA:1182,0
DA:1185,0
DA:1195,0
DA:1196,0
DA:1198,0
DA:1199,0
DA:1200,0
DA:1202,0
DA:1203,0
DA:1205,0
DA:1206,0
DA:1209,0
DA:1213,0
DA:1214,0
DA:1221,0
DA:1223,0
DA:1225,0
DA:1227,0
DA:1229,0
DA:1232,0
DA:1237,0
DA:1238,0
DA:1239,0
DA:1241,0
DA:1244,0
DA:1245,0
DA:1247,0
DA:1251,0
DA:1263,0
DA:1265,0
DA:1279,0
DA:1281,0
DA:1284,0
DA:1285,0
DA:1288,0
DA:1292,0
DA:1297,0
DA:1298,0
DA:1306,0
DA:1316,0
DA:1338,0
DA:1340,0
DA:1341,0
DA:1343,0
DA:1350,0
DA:1351,0
DA:1355,0
DA:1357,0
DA:1364,0
DA:1368,0
DA:1372,0
DA:1373,0
DA:1374,0
DA:1381,0
DA:1382,0
DA:1386,0
DA:1388,0
DA:1395,0
DA:1398,0
DA:1404,0
DA:1405,0
DA:1408,0
DA:1409,0
DA:1410,0
DA:1411,0
DA:1412,0
DA:1414,0
DA:1415,0
DA:1426,0
DA:1429,0
DA:1430,0
DA:1433,0
DA:1434,0
DA:1435,0
DA:1436,0
DA:1437,0
DA:1440,0
DA:1444,0
DA:1446,0
DA:1447,0
DA:1448,0
DA:1450,0
DA:1451,0
DA:1456,0
DA:1458,0
DA:1461,0
LF:362
LH:31
BRDA:59,0,0,0
BRDA:59,0,1,0
BRDA:66,1,0,0
BRDA:66,1,1,0
BRDA:94,2,0,0
BRDA:94,2,1,3
BRDA:94,3,0,3
BRDA:94,3,1,0
BRDA:97,4,0,0
BRDA:97,4,1,0
BRDA:170,5,0,0
BRDA:170,5,1,0
BRDA:178,6,0,0
BRDA:178,6,1,0
BRDA:188,7,0,0
BRDA:188,7,1,0
BRDA:198,8,0,0
BRDA:198,8,1,0
BRDA:199,9,0,0
BRDA:199,9,1,0
BRDA:226,10,0,0
BRDA:226,10,1,0
BRDA:234,11,0,0
BRDA:234,11,1,0
BRDA:425,12,0,0
BRDA:425,12,1,0
BRDA:426,13,0,0
BRDA:426,13,1,0
BRDA:431,14,0,0
BRDA:431,14,1,0
BRDA:433,15,0,0
BRDA:433,15,1,0
BRDA:437,16,0,0
BRDA:437,16,1,0
BRDA:440,17,0,0
BRDA:440,17,1,0
BRDA:460,18,0,0
BRDA:460,18,1,0
BRDA:461,19,0,0
BRDA:461,19,1,0
BRDA:587,20,0,0
BRDA:587,20,1,0
BRDA:605,21,0,0
BRDA:605,21,1,0
BRDA:606,22,0,0
BRDA:606,22,1,0
BRDA:688,23,0,0
BRDA:688,23,1,0
BRDA:691,24,0,0
BRDA:691,24,1,0
BRDA:691,25,0,0
BRDA:691,25,1,0
BRDA:699,26,0,0
BRDA:699,26,1,0
BRDA:701,27,0,0
BRDA:701,27,1,0
BRDA:701,28,0,0
BRDA:701,28,1,0
BRDA:709,29,0,0
BRDA:709,29,1,0
BRDA:711,30,0,0
BRDA:711,30,1,0
BRDA:711,31,0,0
BRDA:711,31,1,0
BRDA:720,32,0,0
BRDA:720,32,1,0
BRDA:722,33,0,0
BRDA:722,33,1,0
BRDA:728,34,0,0
BRDA:728,34,1,0
BRDA:728,34,2,0
BRDA:728,34,3,0
BRDA:732,35,0,0
BRDA:732,35,1,0
BRDA:801,36,0,0
BRDA:801,36,1,0
BRDA:802,37,0,0
BRDA:802,37,1,0
BRDA:807,38,0,0
BRDA:807,38,1,0
BRDA:818,39,0,0
BRDA:818,39,1,0
BRDA:821,40,0,0
BRDA:821,40,1,0
BRDA:842,41,0,0
BRDA:842,41,1,1
BRDA:871,42,0,0
BRDA:871,42,1,0
BRDA:877,43,0,0
BRDA:877,43,1,0
BRDA:883,44,0,0
BRDA:883,44,1,0
BRDA:942,45,0,0
BRDA:942,45,1,0
BRDA:958,46,0,0
BRDA:958,46,1,0
BRDA:988,47,0,0
BRDA:988,47,1,0
BRDA:989,48,0,0
BRDA:989,48,1,0
BRDA:994,49,0,0
BRDA:994,49,1,0
BRDA:998,50,0,0
BRDA:998,50,1,0
BRDA:998,51,0,0
BRDA:998,51,1,0
BRDA:1009,52,0,0
BRDA:1009,52,1,0
BRDA:1009,53,0,0
BRDA:1009,53,1,0
BRDA:1026,54,0,0
BRDA:1026,54,1,0
BRDA:1041,55,0,0
BRDA:1041,55,1,0
BRDA:1053,56,0,0
BRDA:1053,56,1,0
BRDA:1054,57,0,0
BRDA:1054,57,1,0
BRDA:1059,58,0,0
BRDA:1059,58,1,0
BRDA:1062,59,0,0
BRDA:1062,59,1,0
BRDA:1062,60,0,0
BRDA:1062,60,1,0
BRDA:1062,60,2,0
BRDA:1062,60,3,0
BRDA:1086,61,0,0
BRDA:1086,61,1,0
BRDA:1112,62,0,0
BRDA:1112,62,1,0
BRDA:1113,63,0,0
BRDA:1113,63,1,0
BRDA:1124,64,0,0
BRDA:1125,65,0,0
BRDA:1126,66,0,0
BRDA:1148,67,0,0
BRDA:1148,67,1,0
BRDA:1177,68,0,0
BRDA:1177,68,1,0
BRDA:1181,69,0,0
BRDA:1181,69,1,0
BRDA:1195,70,0,0
BRDA:1195,70,1,0
BRDA:1199,71,0,0
BRDA:1199,71,1,0
BRDA:1202,72,0,0
BRDA:1202,72,1,0
BRDA:1225,73,0,0
BRDA:1225,73,1,0
BRDA:1239,74,0,0
BRDA:1239,74,1,0
BRDA:1244,75,0,0
BRDA:1244,75,1,0
BRDA:1284,76,0,0
BRDA:1284,76,1,0
BRDA:1350,77,0,0
BRDA:1350,77,1,0
BRDA:1350,78,0,0
BRDA:1350,78,1,0
BRDA:1355,79,0,0
BRDA:1355,79,1,0
BRDA:1381,80,0,0
BRDA:1381,80,1,0
BRDA:1386,81,0,0
BRDA:1386,81,1,0
BRDA:1408,82,0,0
BRDA:1408,82,1,0
BRDA:1409,83,0,0
BRDA:1409,83,1,0
BRDA:1411,84,0,0
BRDA:1411,84,1,0
BRDA:1429,85,0,0
BRDA:1429,85,1,0
BRDA:1448,86,0,0
BRDA:1448,86,1,0
BRDA:1457,87,0,0
BRDA:1457,87,1,0
BRF:177
BRH:3
end_of_record
TN:
SF:services\getProgram.ts
FN:4,(anonymous_0)
FNF:1
FNH:1
FNDA:18,(anonymous_0)
DA:1,4
DA:4,4
DA:8,18
DA:10,16
DA:13,9
DA:17,9
LF:6
LH:6
BRDA:13,0,0,3
BRDA:13,0,1,6
BRF:2
BRH:2
end_of_record
TN:
SF:services\index.ts
FNF:0
FNH:0
DA:1,0
LF:1
LH:0
BRF:0
BRH:0
end_of_record
TN:
SF:services\swap.ts
FN:23,(anonymous_0)
FN:31,(anonymous_1)
FN:45,(anonymous_2)
FN:46,(anonymous_3)
FN:57,(anonymous_4)
FN:62,(anonymous_5)
FN:75,(anonymous_6)
FN:84,(anonymous_7)
FN:88,(anonymous_8)
FN:103,(anonymous_9)
FN:118,(anonymous_10)
FN:127,(anonymous_11)
FN:129,(anonymous_12)
FN:143,(anonymous_13)
FN:186,(anonymous_14)
FN:248,(anonymous_15)
FN:306,(anonymous_16)
FN:372,(anonymous_17)
FN:462,(anonymous_18)
FN:491,(anonymous_19)
FN:498,(anonymous_20)
FN:512,(anonymous_21)
FN:530,(anonymous_22)
FN:534,(anonymous_23)
FN:541,(anonymous_24)
FN:548,(anonymous_25)
FN:554,(anonymous_26)
FN:563,(anonymous_27)
FN:581,(anonymous_28)
FN:615,(anonymous_29)
FNF:30
FNH:20
FNDA:6,(anonymous_0)
FNDA:0,(anonymous_1)
FNDA:0,(anonymous_2)
FNDA:0,(anonymous_3)
FNDA:0,(anonymous_4)
FNDA:0,(anonymous_5)
FNDA:33,(anonymous_6)
FNDA:17,(anonymous_7)
FNDA:27,(anonymous_8)
FNDA:0,(anonymous_9)
FNDA:0,(anonymous_10)
FNDA:0,(anonymous_11)
FNDA:0,(anonymous_12)
FNDA:0,(anonymous_13)
FNDA:1,(anonymous_14)
FNDA:1,(anonymous_15)
FNDA:3,(anonymous_16)
FNDA:3,(anonymous_17)
FNDA:15,(anonymous_18)
FNDA:2,(anonymous_19)
FNDA:20,(anonymous_20)
FNDA:7,(anonymous_21)
FNDA:6,(anonymous_22)
FNDA:7,(anonymous_23)
FNDA:2,(anonymous_24)
FNDA:7,(anonymous_25)
FNDA:5,(anonymous_26)
FNDA:2,(anonymous_27)
FNDA:6,(anonymous_28)
FNDA:2,(anonymous_29)
DA:1,3
DA:4,3
DA:5,3
DA:12,3
DA:20,3
DA:21,3
DA:24,6
DA:25,6
DA:36,0
DA:40,0
DA:43,0
DA:45,0
DA:46,0
DA:47,0
DA:48,0
DA:52,0
DA:53,0
DA:54,0
DA:58,0
DA:59,0
DA:63,0
DA:67,3
DA:76,33
DA:77,33
DA:78,33
DA:79,33
DA:80,33
DA:81,33
DA:85,17
DA:89,27
DA:91,27
DA:100,27
DA:104,0
DA:105,0
DA:107,0
DA:108,0
DA:110,0
DA:113,0
DA:118,0
DA:119,0
DA:126,0
DA:129,0
DA:130,0
DA:136,0
DA:141,0
DA:143,0
DA:144,0
DA:145,0
DA:151,0
DA:153,0
DA:154,0
DA:161,0
DA:166,0
DA:173,0
DA:179,0
DA:192,1
DA:193,1
DA:194,1
DA:195,1
DA:196,1
DA:197,1
DA:199,1
DA:201,1
DA:202,2
DA:203,2
DA:205,2
DA:206,2
DA:207,0
DA:210,2
DA:216,2
DA:227,2
DA:228,2
DA:229,2
DA:231,2
DA:232,1
DA:235,1
DA:236,0
DA:239,1
DA:241,0
DA:254,1
DA:255,1
DA:256,1
DA:257,1
DA:258,1
DA:259,1
DA:261,1
DA:263,1
DA:264,2
DA:265,2
DA:267,2
DA:268,2
DA:269,0
DA:272,2
DA:278,2
DA:289,2
DA:290,2
DA:291,2
DA:293,2
DA:294,1
DA:296,1
DA:297,0
DA:300,1
DA:302,0
DA:325,3
DA:326,3
DA:327,3
DA:329,3
DA:330,0
DA:338,3
DA:340,3
DA:343,3
DA:345,3
DA:349,3
DA:357,3
DA:358,3
DA:359,3
DA:364,3
DA:391,3
DA:392,3
DA:393,3
DA:395,3
DA:396,0
DA:404,3
DA:407,3
DA:409,3
DA:414,3
DA:423,3
DA:424,3
DA:426,3
DA:427,3
DA:428,3
DA:430,3
DA:431,2
DA:432,2
DA:433,2
DA:435,1
DA:436,1
DA:437,1
DA:444,1
DA:445,0
DA:450,3
DA:454,3
DA:463,15
DA:464,15
DA:466,15
DA:469,15
DA:470,15
DA:472,15
DA:473,15
DA:475,15
DA:476,1
DA:478,1
DA:479,1
DA:481,0
DA:485,15
DA:488,15
DA:492,2
DA:499,20
DA:500,20
DA:503,20
DA:505,20
DA:506,7
DA:508,13
DA:513,7
DA:516,7
DA:517,6
DA:521,6
DA:525,6
DA:527,1
DA:531,6
DA:535,7
DA:536,7
DA:538,7
DA:543,2
DA:545,2
DA:549,7
DA:551,7
DA:555,5
DA:564,2
DA:565,2
DA:567,0
DA:588,6
DA:590,6
DA:596,0
DA:622,2
DA:625,2
DA:634,0
LF:187
LH:138
BRDA:36,0,0,0
BRDA:36,0,1,0
BRDA:37,1,0,0
BRDA:37,1,1,0
BRDA:108,2,0,0
BRDA:108,2,1,0
BRDA:144,3,0,0
BRDA:144,3,1,0
BRDA:153,4,0,0
BRDA:153,4,1,0
BRDA:206,5,0,0
BRDA:206,5,1,2
BRDA:231,6,0,1
BRDA:231,6,1,1
BRDA:235,7,0,0
BRDA:235,7,1,1
BRDA:268,8,0,0
BRDA:268,8,1,2
BRDA:293,9,0,1
BRDA:293,9,1,1
BRDA:296,10,0,0
BRDA:296,10,1,1
BRDA:327,11,0,3
BRDA:327,11,1,0
BRDA:329,12,0,0
BRDA:329,12,1,3
BRDA:340,13,0,2
BRDA:340,13,1,1
BRDA:393,14,0,3
BRDA:393,14,1,0
BRDA:395,15,0,0
BRDA:395,15,1,3
BRDA:430,16,0,2
BRDA:430,16,1,1
BRDA:444,17,0,0
BRDA:444,17,1,1
BRDA:450,18,0,3
BRDA:450,18,1,0
BRDA:472,19,0,15
BRDA:472,19,1,0
BRDA:475,20,0,1
BRDA:475,20,1,14
BRDA:478,21,0,1
BRDA:478,21,1,0
BRDA:505,22,0,7
BRDA:505,22,1,13
BRDA:516,23,0,6
BRDA:516,23,1,1
BRDA:564,24,0,2
BRDA:564,24,1,0
BRDA:588,25,0,6
BRDA:588,25,1,0
BRDA:590,26,0,6
BRDA:590,26,1,0
BRDA:596,27,0,0
BRDA:596,27,1,0
BRDA:622,28,0,2
BRDA:622,28,1,0
BRDA:625,29,0,0
BRDA:625,29,1,2
BRDA:634,30,0,0
BRDA:634,30,1,0
BRF:62
BRH:31
end_of_record
TN:
SF:types\config.ts
FN:4,(anonymous_0)
FNF:1
FNH:1
FNDA:13,(anonymous_0)
DA:4,13
DA:5,13
DA:6,13
DA:7,13
LF:4
LH:4
BRDA:4,0,0,13
BRDA:4,0,1,13
BRF:2
BRH:2
end_of_record
TN:
SF:types\index.ts
FNF:0
FNH:0
DA:1,7
DA:2,7
LF:2
LH:2
BRF:0
BRH:0
end_of_record
TN:
SF:types\services.ts
FN:4,(anonymous_0)
FN:10,(anonymous_1)
FNF:2
FNH:2
FNDA:7,(anonymous_0)
FNDA:7,(anonymous_1)
DA:4,7
DA:5,7
DA:6,7
DA:7,7
DA:10,7
DA:11,7
DA:12,7
DA:13,7
LF:8
LH:8
BRDA:4,0,0,7
BRDA:4,0,1,7
BRDA:10,1,0,7
BRDA:10,1,1,7
BRF:4
BRH:4
end_of_record
TN:
SF:utils\index.ts
FN:17,(anonymous_0)
FN:26,(anonymous_1)
FN:50,(anonymous_2)
FN:69,(anonymous_3)
FN:80,(anonymous_4)
FN:99,(anonymous_5)
FN:110,(anonymous_6)
FN:112,(anonymous_7)
FN:129,(anonymous_8)
FN:144,(anonymous_9)
FN:151,(anonymous_10)
FN:155,(anonymous_11)
FN:160,(anonymous_12)
FN:162,(anonymous_13)
FN:167,(anonymous_14)
FN:170,(anonymous_15)
FN:177,(anonymous_16)
FN:186,(anonymous_17)
FN:202,(anonymous_18)
FN:205,(anonymous_19)
FN:217,(anonymous_20)
FN:227,createUniformDistribution
FN:240,(anonymous_22)
FN:245,(anonymous_23)
FN:252,(anonymous_24)
FN:262,(anonymous_25)
FN:272,(anonymous_26)
FN:282,(anonymous_27)
FN:311,(anonymous_28)
FN:319,(anonymous_29)
FN:326,(anonymous_30)
FN:331,(anonymous_31)
FN:339,(anonymous_32)
FN:341,(anonymous_33)
FN:356,(anonymous_34)
FN:367,(anonymous_35)
FN:373,(anonymous_36)
FN:377,(anonymous_37)
FN:382,(anonymous_38)
FN:384,(anonymous_39)
FN:389,(anonymous_40)
FN:392,(anonymous_41)
FN:399,(anonymous_42)
FN:408,(anonymous_43)
FN:424,(anonymous_44)
FN:427,(anonymous_45)
FN:438,(anonymous_46)
FN:452,(anonymous_47)
FN:461,(anonymous_48)
FN:469,(anonymous_49)
FN:483,(anonymous_50)
FN:494,(anonymous_51)
FN:509,(anonymous_52)
FN:509,(anonymous_53)
FN:517,(anonymous_54)
FN:520,(anonymous_55)
FN:521,(anonymous_56)
FN:526,(anonymous_57)
FN:527,(anonymous_58)
FNF:59
FNH:37
FNDA:1,(anonymous_0)
FNDA:1,(anonymous_1)
FNDA:0,(anonymous_2)
FNDA:0,(anonymous_3)
FNDA:101,(anonymous_4)
FNDA:101,(anonymous_5)
FNDA:0,(anonymous_6)
FNDA:0,(anonymous_7)
FNDA:0,(anonymous_8)
FNDA:0,(anonymous_9)
FNDA:101,(anonymous_10)
FNDA:101,(anonymous_11)
FNDA:101,(anonymous_12)
FNDA:101,(anonymous_13)
FNDA:101,(anonymous_14)
FNDA:101,(anonymous_15)
FNDA:101,(anonymous_16)
FNDA:0,(anonymous_17)
FNDA:0,(anonymous_18)
FNDA:0,(anonymous_19)
FNDA:101,(anonymous_20)
FNDA:3,createUniformDistribution
FNDA:303,(anonymous_22)
FNDA:101,(anonymous_23)
FNDA:101,(anonymous_24)
FNDA:0,(anonymous_25)
FNDA:0,(anonymous_26)
FNDA:0,(anonymous_27)
FNDA:0,(anonymous_28)
FNDA:0,(anonymous_29)
FNDA:101,(anonymous_30)
FNDA:101,(anonymous_31)
FNDA:0,(anonymous_32)
FNDA:0,(anonymous_33)
FNDA:0,(anonymous_34)
FNDA:0,(anonymous_35)
FNDA:101,(anonymous_36)
FNDA:101,(anonymous_37)
FNDA:101,(anonymous_38)
FNDA:101,(anonymous_39)
FNDA:101,(anonymous_40)
FNDA:101,(anonymous_41)
FNDA:101,(anonymous_42)
FNDA:0,(anonymous_43)
FNDA:0,(anonymous_44)
FNDA:0,(anonymous_45)
FNDA:101,(anonymous_46)
FNDA:3,(anonymous_47)
FNDA:22,(anonymous_48)
FNDA:1,(anonymous_49)
FNDA:1,(anonymous_50)
FNDA:2,(anonymous_51)
FNDA:2,(anonymous_52)
FNDA:1,(anonymous_53)
FNDA:1,(anonymous_54)
FNDA:1,(anonymous_55)
FNDA:0,(anonymous_56)
FNDA:2,(anonymous_57)
FNDA:2,(anonymous_58)
DA:2,3
DA:9,3
DA:10,3
DA:17,3
DA:18,1
DA:21,1
DA:22,1
DA:23,1
DA:26,1
DA:28,1
DA:41,1
DA:45,1
DA:46,0
DA:47,0
DA:50,0
DA:52,0
DA:53,0
DA:54,0
DA:57,0
DA:60,0
DA:61,0
DA:64,0
DA:68,0
DA:69,0
DA:74,1
DA:75,1
DA:76,1
DA:80,101
DA:82,1
DA:83,1
DA:84,0
DA:87,1
DA:90,1
DA:91,1
DA:94,1
DA:98,1
DA:99,101
DA:105,0
DA:106,0
DA:108,0
DA:110,0
DA:111,0
DA:112,0
DA:114,0
DA:117,0
DA:118,0
DA:121,0
DA:125,0
DA:129,0
DA:134,0
DA:135,0
DA:138,0
DA:142,0
DA:144,0
DA:151,1
DA:152,101
DA:155,1
DA:156,101
DA:160,101
DA:162,101
DA:164,1
DA:165,1
DA:166,1
DA:167,101
DA:168,1
DA:170,1
DA:171,101
DA:172,101
DA:174,1
DA:175,1
DA:176,1
DA:177,1
DA:178,101
DA:179,101
DA:180,10
DA:181,10
DA:183,91
DA:186,0
DA:187,0
DA:188,0
DA:189,0
DA:190,0
DA:192,0
DA:194,0
DA:199,1
DA:200,0
DA:201,0
DA:202,0
DA:203,0
DA:205,0
DA:206,0
DA:207,0
DA:208,0
DA:212,0
DA:217,1
DA:218,101
DA:224,1
DA:227,3
DA:230,3
DA:232,3
DA:234,3
DA:235,0
DA:238,3
DA:240,303
DA:243,3
DA:244,1
DA:245,101
DA:247,1
DA:248,1
DA:249,1
DA:250,1
DA:252,101
DA:259,0
DA:260,0
DA:262,0
DA:263,0
DA:264,0
DA:267,0
DA:268,0
DA:269,0
DA:272,0
DA:273,0
DA:274,0
DA:277,0
DA:278,0
DA:279,0
DA:282,0
DA:289,2
DA:290,1
DA:293,1
DA:298,1
DA:300,1
DA:302,1
DA:304,1
DA:306,1
DA:307,0
DA:308,0
DA:311,0
DA:313,0
DA:315,0
DA:318,0
DA:319,0
DA:320,1
DA:321,1
DA:322,1
DA:326,101
DA:328,1
DA:330,1
DA:331,101
DA:332,1
DA:334,0
DA:335,0
DA:337,0
DA:339,0
DA:340,0
DA:341,0
DA:344,0
DA:348,0
DA:353,0
DA:356,0
DA:361,0
DA:366,0
DA:367,0
DA:373,1
DA:374,101
DA:377,1
DA:378,101
DA:382,101
DA:384,101
DA:386,1
DA:387,1
DA:388,1
DA:389,101
DA:390,1
DA:392,1
DA:393,101
DA:394,101
DA:396,1
DA:397,1
DA:398,1
DA:399,1
DA:400,101
DA:401,101
DA:402,80
DA:403,80
DA:405,21
DA:408,0
DA:409,0
DA:410,0
DA:411,0
DA:412,0
DA:414,0
DA:416,0
DA:421,1
DA:422,0
DA:423,0
DA:424,0
DA:425,0
DA:427,0
DA:428,0
DA:429,0
DA:430,0
DA:434,0
DA:438,1
DA:439,101
DA:446,1
DA:449,0
DA:452,3
DA:453,3
DA:454,3
DA:459,3
DA:462,22
DA:466,3
DA:469,3
DA:470,1
DA:472,1
DA:478,1
DA:479,0
DA:482,1
DA:483,1
DA:484,1
DA:485,1
DA:491,1
DA:494,3
DA:495,2
DA:497,2
DA:498,2
DA:502,2
DA:509,3
DA:512,1
DA:514,1
DA:517,3
DA:518,1
DA:519,1
DA:520,1
DA:521,1
DA:522,0
DA:524,1
DA:525,1
DA:526,2
DA:527,2
DA:528,1
DA:530,1
DA:533,1
DA:536,0
LF:245
LH:143
BRDA:28,0,0,1
BRDA:28,0,1,0
BRDA:30,1,0,0
BRDA:30,1,1,0
BRDA:32,2,0,0
BRDA:32,2,1,0
BRDA:34,3,0,0
BRDA:34,3,1,0
BRDA:36,4,0,0
BRDA:36,4,1,0
BRDA:38,5,0,0
BRDA:38,5,1,0
BRDA:45,6,0,0
BRDA:45,6,1,1
BRDA:53,7,0,0
BRDA:53,7,1,0
BRDA:74,8,0,1
BRDA:74,8,1,0
BRDA:83,9,0,0
BRDA:83,9,1,1
BRDA:121,10,0,0
BRDA:121,10,1,0
BRDA:138,11,0,0
BRDA:138,11,1,0
BRDA:164,12,0,1
BRDA:164,12,1,0
BRDA:164,13,0,1
BRDA:164,13,1,1
BRDA:171,14,0,0
BRDA:171,14,1,101
BRDA:172,15,0,0
BRDA:172,15,1,101
BRDA:175,16,0,1
BRDA:175,16,1,0
BRDA:176,17,0,1
BRDA:176,17,1,0
BRDA:178,18,0,0
BRDA:178,18,1,101
BRDA:179,19,0,10
BRDA:179,19,1,91
BRDA:187,20,0,0
BRDA:187,20,1,0
BRDA:188,21,0,0
BRDA:188,21,1,0
BRDA:199,22,0,0
BRDA:199,22,1,1
BRDA:199,23,0,1
BRDA:199,23,1,0
BRDA:206,24,0,0
BRDA:206,24,1,0
BRDA:207,25,0,0
BRDA:207,25,1,0
BRDA:207,26,0,0
BRDA:207,26,1,0
BRDA:208,27,0,0
BRDA:208,27,1,0
BRDA:212,28,0,0
BRDA:212,28,1,0
BRDA:234,29,0,0
BRDA:234,29,1,3
BRDA:243,30,0,1
BRDA:243,30,1,2
BRDA:247,31,0,1
BRDA:247,31,1,0
BRDA:254,32,0,101
BRDA:254,32,1,0
BRDA:255,33,0,0
BRDA:255,33,1,101
BRDA:263,34,0,0
BRDA:263,34,1,0
BRDA:267,35,0,0
BRDA:267,35,1,0
BRDA:273,36,0,0
BRDA:273,36,1,0
BRDA:277,37,0,0
BRDA:277,37,1,0
BRDA:289,38,0,1
BRDA:289,38,1,1
BRDA:293,39,0,1
BRDA:293,39,1,0
BRDA:306,40,0,0
BRDA:306,40,1,1
BRDA:320,41,0,1
BRDA:320,41,1,0
BRDA:348,42,0,0
BRDA:348,42,1,0
BRDA:350,43,0,0
BRDA:350,43,1,0
BRDA:350,44,0,0
BRDA:350,44,1,0
BRDA:361,45,0,0
BRDA:361,45,1,0
BRDA:363,46,0,0
BRDA:363,46,1,0
BRDA:386,47,0,1
BRDA:386,47,1,0
BRDA:386,48,0,1
BRDA:386,48,1,1
BRDA:393,49,0,0
BRDA:393,49,1,101
BRDA:394,50,0,0
BRDA:394,50,1,101
BRDA:397,51,0,1
BRDA:397,51,1,0
BRDA:398,52,0,1
BRDA:398,52,1,0
BRDA:400,53,0,0
BRDA:400,53,1,101
BRDA:401,54,0,80
BRDA:401,54,1,21
BRDA:409,55,0,0
BRDA:409,55,1,0
BRDA:410,56,0,0
BRDA:410,56,1,0
BRDA:421,57,0,0
BRDA:421,57,1,1
BRDA:421,58,0,1
BRDA:421,58,1,0
BRDA:428,59,0,0
BRDA:428,59,1,0
BRDA:429,60,0,0
BRDA:429,60,1,0
BRDA:429,61,0,0
BRDA:429,61,1,0
BRDA:430,62,0,0
BRDA:430,62,1,0
BRDA:434,63,0,0
BRDA:434,63,1,0
BRDA:478,64,0,0
BRDA:478,64,1,1
BRDA:509,65,0,1
BRDA:514,66,0,1
BRDA:514,66,1,1
BRDA:530,67,0,1
BRDA:530,67,1,0
BRF:135
BRH:44
end_of_record
TN:
SF:utils\math.ts
FN:1,(anonymous_0)
FN:14,(anonymous_1)
FN:32,(anonymous_2)
FN:43,(anonymous_3)
FNF:4
FNH:4
FNDA:28,(anonymous_0)
FNDA:24,(anonymous_1)
FNDA:4,(anonymous_2)
FNDA:2,(anonymous_3)
DA:1,6
DA:2,28
DA:3,3
DA:7,25
DA:8,25
DA:10,25
DA:14,6
DA:20,24
DA:22,24
DA:23,5
DA:26,19
DA:27,19
DA:28,18
DA:32,6
DA:38,4
DA:39,4
DA:43,6
DA:49,2
DA:50,2
LF:19
LH:19
BRDA:2,0,0,3
BRDA:2,0,1,25
BRDA:22,1,0,5
BRDA:22,1,1,19
BRDA:26,2,0,19
BRDA:26,2,1,0
BRF:6
BRH:5
end_of_record
TN:
SF:utils\price.ts
FN:3,(anonymous_0)
FN:19,(anonymous_1)
FN:32,(anonymous_2)
FNF:3
FNH:3
FNDA:20,(anonymous_0)
FNDA:20,(anonymous_1)
FNDA:15,(anonymous_2)
DA:1,5
DA:3,5
DA:4,20
DA:5,20
DA:7,20
DA:10,20
DA:11,20
DA:13,20
DA:14,20
DA:16,20
DA:19,5
DA:25,20
DA:26,20
DA:27,20
DA:29,20
DA:32,5
DA:38,15
DA:39,11
DA:40,5
DA:42,6
DA:44,6
DA:45,6
DA:46,6
DA:48,6
LF:24
LH:24
BRDA:5,0,0,0
BRDA:5,0,1,20
BRDA:10,1,0,0
BRDA:10,1,1,20
BRDA:38,2,0,4
BRDA:38,2,1,11
BRDA:39,3,0,5
BRDA:39,3,1,6
BRDA:39,4,0,11
BRDA:39,4,1,8
BRF:10
BRH:8
end_of_record
